{"ts":1746611971958,"action":"PROJECT_OPENED","tags":{"PROJECT_NAME":"tsd-impl"}}
{"ts":1746611973908,"action":"FILE_OPENED","file":"/src/main/java/com/yourcompany/game/Main.java","tags":{"FILE_LINE_OF_CODE":"7"}}
{"ts":1746611974255,"action":"FILE_CLOSED","file":"/src/main/java/com/yourcompany/game/Main.java","tags":{"FILE_LINE_OF_CODE":"7"}}
{"ts":1746611974553,"action":"FILE_OPENED","file":"/pom.xml","tags":{"FILE_LINE_OF_CODE":"17"}}
{"ts":1746611990379,"action":"IDE_DEACTIVATED"}
{"ts":1746612090755,"action":"IDE_ACTIVATED"}
{"ts":1746612095171,"action":"IDE_DEACTIVATED"}
{"ts":1746612097517,"action":"IDE_ACTIVATED"}
{"ts":1746612101084,"action":"FILE_CLOSED","file":"/pom.xml","tags":{"FILE_LINE_OF_CODE":"17"}}
{"ts":1746612101233,"action":"FILE_OPENED","file":"/src/main/java/com/yourcompany/game/Match.java","tags":{"FILE_LINE_OF_CODE":"5"}}
{"ts":1746612101954,"action":"IDE_DEACTIVATED"}
{"ts":1746612104982,"action":"IDE_ACTIVATED"}
{"ts":1746612119132,"action":"IDE_DEACTIVATED"}
{"ts":1746612121548,"action":"IDE_ACTIVATED"}
{"ts":1746612125199,"action":"FILE_CLOSED","file":"/src/main/java/com/yourcompany/game/Match.java","tags":{"FILE_LINE_OF_CODE":"14"}}
{"ts":1746612125321,"action":"FILE_OPENED","file":"/src/main/java/com/yourcompany/game/Contestant.java","tags":{"FILE_LINE_OF_CODE":"5"}}
{"ts":1746612129853,"action":"IDE_DEACTIVATED"}
{"ts":1746612132032,"action":"IDE_ACTIVATED"}
{"ts":1746612136039,"action":"FILE_CLOSED","file":"/src/main/java/com/yourcompany/game/Contestant.java","tags":{"FILE_LINE_OF_CODE":"6"}}
{"ts":1746612136191,"action":"FILE_OPENED","file":"/src/main/java/com/yourcompany/game/Violation.java","tags":{"FILE_LINE_OF_CODE":"5"}}
{"ts":1746612145845,"action":"IDE_DEACTIVATED"}
{"ts":1746612147554,"action":"IDE_ACTIVATED"}
{"ts":1746612147838,"action":"IDE_DEACTIVATED"}
{"ts":1746612148384,"action":"IDE_ACTIVATED"}
{"ts":1746612151486,"action":"FILE_CLOSED","file":"/src/main/java/com/yourcompany/game/Violation.java","tags":{"FILE_LINE_OF_CODE":"7"}}
{"ts":1746612151486,"action":"FILE_OPENED","file":"/src/main/java/com/yourcompany/game/Contestant.java","tags":{"FILE_LINE_OF_CODE":"6"}}
{"ts":1746612152755,"action":"FILE_CLOSED","file":"/src/main/java/com/yourcompany/game/Contestant.java","tags":{"FILE_LINE_OF_CODE":"6"}}
{"ts":1746612152755,"action":"FILE_OPENED","file":"/src/main/java/com/yourcompany/game/Violation.java","tags":{"FILE_LINE_OF_CODE":"7"}}
{"ts":1746612155642,"action":"FILE_CLOSED","file":"/src/main/java/com/yourcompany/game/Violation.java","tags":{"FILE_LINE_OF_CODE":"7"}}
{"ts":1746612155711,"action":"FILE_OPENED","file":"/src/main/java/com/yourcompany/game/Penalty.java","tags":{"FILE_LINE_OF_CODE":"5"}}
{"ts":1746612156479,"action":"IDE_DEACTIVATED"}
{"ts":1746612158128,"action":"IDE_ACTIVATED"}
{"ts":1746612163807,"action":"FILE_CLOSED","file":"/src/main/java/com/yourcompany/game/Penalty.java","tags":{"FILE_LINE_OF_CODE":"5"}}
{"ts":1746612163807,"action":"FILE_OPENED","file":"/src/main/java/com/yourcompany/game/Violation.java","tags":{"FILE_LINE_OF_CODE":"7"}}
{"ts":1746612164871,"action":"FILE_CLOSED","file":"/src/main/java/com/yourcompany/game/Violation.java","tags":{"FILE_LINE_OF_CODE":"6"}}
{"ts":1746612164871,"action":"FILE_OPENED","file":"/src/main/java/com/yourcompany/game/Contestant.java","tags":{"FILE_LINE_OF_CODE":"6"}}
{"ts":1746612165789,"action":"FILE_CLOSED","file":"/src/main/java/com/yourcompany/game/Contestant.java","tags":{"FILE_LINE_OF_CODE":"5"}}
{"ts":1746612165789,"action":"FILE_OPENED","file":"/src/main/java/com/yourcompany/game/Match.java","tags":{"FILE_LINE_OF_CODE":"14"}}
{"ts":1746612167167,"action":"FILE_CLOSED","file":"/src/main/java/com/yourcompany/game/Match.java","tags":{"FILE_LINE_OF_CODE":"13"}}
{"ts":1746612167167,"action":"FILE_OPENED","file":"/pom.xml","tags":{"FILE_LINE_OF_CODE":"17"}}
{"ts":1746612168750,"action":"FILE_CLOSED","file":"/pom.xml","tags":{"FILE_LINE_OF_CODE":"17"}}
{"ts":1746612168750,"action":"FILE_OPENED","file":"/src/main/java/com/yourcompany/game/Main.java","tags":{"FILE_LINE_OF_CODE":"7"}}
{"ts":1746612169454,"action":"FILE_CLOSED","file":"/src/main/java/com/yourcompany/game/Main.java","tags":{"FILE_LINE_OF_CODE":"7"}}
{"ts":1746612169454,"action":"FILE_OPENED","file":"/src/main/java/com/yourcompany/game/Match.java","tags":{"FILE_LINE_OF_CODE":"13"}}
{"ts":1746612182436,"action":"IDE_DEACTIVATED"}
{"ts":1746612185901,"action":"IDE_ACTIVATED"}
{"ts":1746612188946,"action":"FILE_CLOSED","file":"/src/main/java/com/yourcompany/game/Match.java","tags":{"FILE_LINE_OF_CODE":"12"}}
{"ts":1746612189034,"action":"FILE_OPENED","file":"/src/main/java/com/yourcompany/game/Result.java","tags":{"FILE_LINE_OF_CODE":"5"}}
{"ts":1746612197457,"action":"IDE_DEACTIVATED"}
{"ts":1746612200146,"action":"IDE_ACTIVATED"}
{"ts":1746612200370,"action":"IDE_DEACTIVATED"}
{"ts":1746612201839,"action":"IDE_ACTIVATED"}
{"ts":1746612202623,"action":"FILE_CLOSED","file":"/src/main/java/com/yourcompany/game/Result.java","tags":{"FILE_LINE_OF_CODE":"4"}}
{"ts":1746612202623,"action":"FILE_OPENED","file":"/src/main/java/com/yourcompany/game/Contestant.java","tags":{"FILE_LINE_OF_CODE":"5"}}
{"ts":1746612204772,"action":"FILE_CLOSED","file":"/src/main/java/com/yourcompany/game/Contestant.java","tags":{"FILE_LINE_OF_CODE":"5"}}
{"ts":1746612204888,"action":"FILE_OPENED","file":"/src/main/java/com/yourcompany/game/Event.java","tags":{"FILE_LINE_OF_CODE":"5"}}
{"ts":1746612219659,"action":"FILE_CLOSED","file":"/src/main/java/com/yourcompany/game/Event.java","tags":{"FILE_LINE_OF_CODE":"34"}}
{"ts":1746612219659,"action":"FILE_OPENED","file":"/src/main/java/com/yourcompany/game/Penalty.java","tags":{"FILE_LINE_OF_CODE":"5"}}
{"ts":1746612228397,"action":"IDE_DEACTIVATED"}
{"ts":1746612231555,"action":"IDE_ACTIVATED"}
{"ts":1746612235886,"action":"IDE_DEACTIVATED"}
{"ts":1746612243701,"action":"IDE_ACTIVATED"}
{"ts":1746612244862,"action":"IDE_DEACTIVATED"}
{"ts":1746612246146,"action":"IDE_ACTIVATED"}
{"ts":1746612249380,"action":"IDE_DEACTIVATED"}
{"ts":1746612269600,"action":"IDE_ACTIVATED"}
{"ts":1746612284987,"action":"IDE_DEACTIVATED"}
{"ts":1746612285918,"action":"IDE_ACTIVATED"}
{"ts":1746612286707,"action":"IDE_DEACTIVATED"}
{"ts":1746612327002,"action":"IDE_ACTIVATED"}
{"ts":1746612327502,"action":"IDE_DEACTIVATED"}
{"ts":1746612414915,"action":"IDE_ACTIVATED"}
{"ts":1746612421041,"action":"FILE_CLOSED","file":"/src/main/java/com/yourcompany/game/Penalty.java","tags":{"FILE_LINE_OF_CODE":"6"}}
{"ts":1746612421137,"action":"FILE_OPENED","file":"/src/main/java/com/yourcompany/game/tennis/TennisPlayer.java","tags":{"FILE_LINE_OF_CODE":"5"}}
{"ts":1746612421734,"action":"IDE_DEACTIVATED"}
{"ts":1746612422767,"action":"IDE_ACTIVATED"}
{"ts":1746612441495,"action":"IDE_DEACTIVATED"}
{"ts":1746612443841,"action":"IDE_ACTIVATED"}
{"ts":1746612452530,"action":"IDE_DEACTIVATED"}
{"ts":1746612453096,"action":"IDE_ACTIVATED"}
{"ts":1746612457403,"action":"IDE_DEACTIVATED"}
{"ts":1746612458147,"action":"IDE_ACTIVATED"}
{"ts":1746612463382,"action":"IDE_DEACTIVATED"}
{"ts":1746612464086,"action":"IDE_ACTIVATED"}
{"ts":1746612481004,"action":"IDE_DEACTIVATED"}
{"ts":1746612530698,"action":"IDE_ACTIVATED"}
{"ts":1746612531275,"action":"IDE_DEACTIVATED"}
{"ts":1746612535989,"action":"IDE_ACTIVATED"}
{"ts":1746612538291,"action":"IDE_DEACTIVATED"}
{"ts":1746612571842,"action":"IDE_ACTIVATED"}
{"ts":1746612572838,"action":"IDE_DEACTIVATED"}
{"ts":1746612620833,"action":"IDE_ACTIVATED"}
{"ts":1746612625140,"action":"FILE_CLOSED","file":"/src/main/java/com/yourcompany/game/tennis/TennisPlayer.java","tags":{"FILE_LINE_OF_CODE":"41"}}
{"ts":1746612625210,"action":"FILE_OPENED","file":"/src/main/java/com/yourcompany/game/tennis/TennisPoint.java","tags":{"FILE_LINE_OF_CODE":"5"}}
{"ts":1746612625743,"action":"IDE_DEACTIVATED"}
{"ts":1746612627815,"action":"IDE_ACTIVATED"}
{"ts":1746612628185,"action":"IDE_DEACTIVATED"}
{"ts":1746612630453,"action":"IDE_ACTIVATED"}
{"ts":1746612702111,"action":"IDE_DEACTIVATED"}
{"ts":1746612702979,"action":"IDE_ACTIVATED"}
{"ts":1746612709746,"action":"IDE_DEACTIVATED"}
{"ts":1746612722327,"action":"IDE_ACTIVATED"}
{"ts":1746612723083,"action":"IDE_DEACTIVATED"}
{"ts":1746612723927,"action":"IDE_ACTIVATED"}
{"ts":1746612727943,"action":"IDE_DEACTIVATED"}
{"ts":1746612736837,"action":"IDE_ACTIVATED"}
{"ts":1746612737154,"action":"IDE_DEACTIVATED"}
{"ts":1746612737865,"action":"IDE_ACTIVATED"}
{"ts":1746612742691,"action":"FILE_CLOSED","file":"/src/main/java/com/yourcompany/game/tennis/TennisPoint.java","tags":{"FILE_LINE_OF_CODE":"48"}}
{"ts":1746612742779,"action":"FILE_OPENED","file":"/src/main/java/com/yourcompany/game/tennis/Game.java","tags":{"FILE_LINE_OF_CODE":"5"}}
{"ts":1746612743168,"action":"IDE_DEACTIVATED"}
{"ts":1746612752213,"action":"IDE_ACTIVATED"}
{"ts":1746612752602,"action":"IDE_DEACTIVATED"}
{"ts":1746612753180,"action":"IDE_ACTIVATED"}
{"ts":1746612910009,"action":"IDE_DEACTIVATED"}
{"ts":1746612917573,"action":"IDE_ACTIVATED"}
{"ts":1746612919255,"action":"IDE_DEACTIVATED"}
{"ts":1746612920176,"action":"IDE_ACTIVATED"}
{"ts":1746612923270,"action":"FILE_CLOSED","file":"/src/main/java/com/yourcompany/game/tennis/Game.java","tags":{"FILE_LINE_OF_CODE":"134"}}
{"ts":1746612923353,"action":"FILE_OPENED","file":"/src/main/java/com/yourcompany/game/tennis/TennisResult.java","tags":{"FILE_LINE_OF_CODE":"5"}}
{"ts":1746612987977,"action":"IDE_DEACTIVATED"}
{"ts":1746612992669,"action":"IDE_ACTIVATED"}
{"ts":1746613091870,"action":"FILE_CLOSED","file":"/src/main/java/com/yourcompany/game/tennis/TennisResult.java","tags":{"FILE_LINE_OF_CODE":"133"}}
{"ts":1746613091870,"action":"FILE_OPENED","file":"/src/main/java/com/yourcompany/game/Result.java","tags":{"FILE_LINE_OF_CODE":"4"}}
{"ts":1746613093587,"action":"FILE_CLOSED","file":"/src/main/java/com/yourcompany/game/Result.java","tags":{"FILE_LINE_OF_CODE":"4"}}
{"ts":1746613093587,"action":"FILE_OPENED","file":"/src/main/java/com/yourcompany/game/Match.java","tags":{"FILE_LINE_OF_CODE":"12"}}
{"ts":1746613095111,"action":"FILE_CLOSED","file":"/src/main/java/com/yourcompany/game/Match.java","tags":{"FILE_LINE_OF_CODE":"12"}}
{"ts":1746613095111,"action":"FILE_OPENED","file":"/src/main/java/com/yourcompany/game/tennis/TennisResult.java","tags":{"FILE_LINE_OF_CODE":"133"}}
{"ts":1746613109364,"action":"IDE_DEACTIVATED"}
{"ts":1746613112671,"action":"IDE_ACTIVATED"}
{"ts":1746613113330,"action":"IDE_DEACTIVATED"}
{"ts":1746613136109,"action":"IDE_ACTIVATED"}
{"ts":1746613136309,"action":"IDE_DEACTIVATED"}
{"ts":1746613295566,"action":"IDE_ACTIVATED"}
{"ts":1746613304421,"action":"FILE_CLOSED","file":"/src/main/java/com/yourcompany/game/tennis/TennisResult.java","tags":{"FILE_LINE_OF_CODE":"137"}}
{"ts":1746613304483,"action":"FILE_OPENED","file":"/src/main/java/com/yourcompany/game/tennis/TennisSet.java","tags":{"FILE_LINE_OF_CODE":"5"}}
{"ts":1746613306287,"action":"IDE_DEACTIVATED"}
{"ts":1746613335189,"action":"IDE_ACTIVATED"}
{"ts":1746613335657,"action":"IDE_DEACTIVATED"}
{"ts":1746613336761,"action":"IDE_ACTIVATED"}
{"ts":1746613337527,"action":"IDE_DEACTIVATED"}
{"ts":1746613341344,"action":"IDE_ACTIVATED"}
{"ts":1746613342247,"action":"IDE_DEACTIVATED"}
{"ts":1746613342908,"action":"IDE_ACTIVATED"}
{"ts":1746613343424,"action":"IDE_DEACTIVATED"}
{"ts":1746613352832,"action":"IDE_ACTIVATED"}
{"ts":1746613421536,"action":"IDE_DEACTIVATED"}
{"ts":1746613451479,"action":"IDE_ACTIVATED"}
{"ts":1746613468704,"action":"IDE_DEACTIVATED"}
{"ts":1746613483600,"action":"IDE_ACTIVATED"}
{"ts":1746613484378,"action":"IDE_DEACTIVATED"}
{"ts":1746613496437,"action":"IDE_ACTIVATED"}
{"ts":1746613503807,"action":"IDE_DEACTIVATED"}
{"ts":1746613555412,"action":"IDE_ACTIVATED"}
{"ts":1746613557121,"action":"IDE_DEACTIVATED"}
{"ts":1746613558319,"action":"IDE_ACTIVATED"}
{"ts":1746613569014,"action":"FILE_CLOSED","file":"/src/main/java/com/yourcompany/game/tennis/TennisSet.java","tags":{"FILE_LINE_OF_CODE":"114"}}
{"ts":1746613569014,"action":"FILE_OPENED","file":"/src/main/java/com/yourcompany/game/tennis/Game.java","tags":{"FILE_LINE_OF_CODE":"134"}}
{"ts":1746613578978,"action":"IDE_DEACTIVATED"}
{"ts":1746613580266,"action":"IDE_ACTIVATED"}
{"ts":1746613581335,"action":"FILE_CLOSED","file":"/src/main/java/com/yourcompany/game/tennis/Game.java","tags":{"FILE_LINE_OF_CODE":"126"}}
{"ts":1746613581355,"action":"FILE_OPENED","file":"/src/main/java/com/yourcompany/game/Result.java","tags":{"FILE_LINE_OF_CODE":"4"}}
{"ts":1746613582504,"action":"IDE_DEACTIVATED"}
{"ts":1746613583822,"action":"IDE_ACTIVATED"}
{"ts":1746613587819,"action":"IDE_DEACTIVATED"}
{"ts":1746613588728,"action":"IDE_ACTIVATED"}
{"ts":1746613591925,"action":"IDE_DEACTIVATED"}
{"ts":1746613592812,"action":"IDE_ACTIVATED"}
{"ts":1746613599518,"action":"FILE_CLOSED","file":"/src/main/java/com/yourcompany/game/Result.java","tags":{"FILE_LINE_OF_CODE":"6"}}
{"ts":1746613599518,"action":"FILE_OPENED","file":"/src/main/java/com/yourcompany/game/tennis/TennisResult.java","tags":{"FILE_LINE_OF_CODE":"137"}}
{"ts":1746613632563,"action":"IDE_DEACTIVATED"}
{"ts":1746613664952,"action":"IDE_ACTIVATED"}
{"ts":1746613667081,"action":"IDE_DEACTIVATED"}
{"ts":1746613678692,"action":"IDE_ACTIVATED"}
{"ts":1746613680885,"action":"FILE_CLOSED","file":"/src/main/java/com/yourcompany/game/tennis/TennisResult.java","tags":{"FILE_LINE_OF_CODE":"121"}}
{"ts":1746613680885,"action":"FILE_OPENED","file":"/src/main/java/com/yourcompany/game/Event.java","tags":{"FILE_LINE_OF_CODE":"34"}}
{"ts":1746613684270,"action":"IDE_DEACTIVATED"}
{"ts":1746613689895,"action":"IDE_ACTIVATED"}
{"ts":1746613690945,"action":"FILE_CLOSED","file":"/src/main/java/com/yourcompany/game/Event.java","tags":{"FILE_LINE_OF_CODE":"34"}}
{"ts":1746613690945,"action":"FILE_OPENED","file":"/src/main/java/com/yourcompany/game/tennis/Game.java","tags":{"FILE_LINE_OF_CODE":"126"}}
{"ts":1746613699904,"action":"FILE_CLOSED","file":"/src/main/java/com/yourcompany/game/tennis/Game.java","tags":{"FILE_LINE_OF_CODE":"124"}}
{"ts":1746613699904,"action":"FILE_OPENED","file":"/src/main/java/com/yourcompany/game/tennis/TennisPlayer.java","tags":{"FILE_LINE_OF_CODE":"41"}}
{"ts":1746613700489,"action":"FILE_CLOSED","file":"/src/main/java/com/yourcompany/game/tennis/TennisPlayer.java","tags":{"FILE_LINE_OF_CODE":"41"}}
{"ts":1746613700489,"action":"FILE_OPENED","file":"/src/main/java/com/yourcompany/game/tennis/TennisPoint.java","tags":{"FILE_LINE_OF_CODE":"48"}}
{"ts":1746613701199,"action":"FILE_CLOSED","file":"/src/main/java/com/yourcompany/game/tennis/TennisPoint.java","tags":{"FILE_LINE_OF_CODE":"48"}}
{"ts":1746613701199,"action":"FILE_OPENED","file":"/src/main/java/com/yourcompany/game/tennis/TennisResult.java","tags":{"FILE_LINE_OF_CODE":"121"}}
{"ts":1746613702479,"action":"FILE_CLOSED","file":"/src/main/java/com/yourcompany/game/tennis/TennisResult.java","tags":{"FILE_LINE_OF_CODE":"121"}}
{"ts":1746613702479,"action":"FILE_OPENED","file":"/src/main/java/com/yourcompany/game/tennis/TennisSet.java","tags":{"FILE_LINE_OF_CODE":"114"}}
{"ts":1746613712964,"action":"IDE_DEACTIVATED"}
{"ts":1746613713963,"action":"IDE_ACTIVATED"}
{"ts":1746613714456,"action":"IDE_DEACTIVATED"}
{"ts":1746613733633,"action":"IDE_ACTIVATED"}
{"ts":1746613780250,"action":"FILE_CLOSED","file":"/src/main/java/com/yourcompany/game/tennis/TennisSet.java","tags":{"FILE_LINE_OF_CODE":"149"}}
{"ts":1746613780250,"action":"FILE_OPENED","file":"/src/main/java/com/yourcompany/game/tennis/Game.java","tags":{"FILE_LINE_OF_CODE":"127"}}
{"ts":1746613810518,"action":"FILE_CLOSED","file":"/src/main/java/com/yourcompany/game/tennis/Game.java","tags":{"FILE_LINE_OF_CODE":"124"}}
{"ts":1746613810518,"action":"FILE_OPENED","file":"/src/main/java/com/yourcompany/game/tennis/TennisPoint.java","tags":{"FILE_LINE_OF_CODE":"48"}}
{"ts":1746613812607,"action":"FILE_CLOSED","file":"/src/main/java/com/yourcompany/game/tennis/TennisPoint.java","tags":{"FILE_LINE_OF_CODE":"48"}}
{"ts":1746613812634,"action":"FILE_OPENED","file":"/src/main/java/com/yourcompany/game/tennis/Game.java","tags":{"FILE_LINE_OF_CODE":"124"}}
{"ts":1746613813544,"action":"FILE_CLOSED","file":"/src/main/java/com/yourcompany/game/tennis/Game.java","tags":{"FILE_LINE_OF_CODE":"124"}}
{"ts":1746613813544,"action":"FILE_OPENED","file":"/src/main/java/com/yourcompany/game/tennis/TennisPlayer.java","tags":{"FILE_LINE_OF_CODE":"41"}}
{"ts":1746613814393,"action":"FILE_CLOSED","file":"/src/main/java/com/yourcompany/game/tennis/TennisPlayer.java","tags":{"FILE_LINE_OF_CODE":"41"}}
{"ts":1746613814393,"action":"FILE_OPENED","file":"/src/main/java/com/yourcompany/game/tennis/TennisPoint.java","tags":{"FILE_LINE_OF_CODE":"48"}}
{"ts":1746613815143,"action":"FILE_CLOSED","file":"/src/main/java/com/yourcompany/game/tennis/TennisPoint.java","tags":{"FILE_LINE_OF_CODE":"48"}}
{"ts":1746613815143,"action":"FILE_OPENED","file":"/src/main/java/com/yourcompany/game/tennis/TennisResult.java","tags":{"FILE_LINE_OF_CODE":"121"}}
{"ts":1746613819596,"action":"FILE_CLOSED","file":"/src/main/java/com/yourcompany/game/tennis/TennisResult.java","tags":{"FILE_LINE_OF_CODE":"121"}}
{"ts":1746613819596,"action":"FILE_OPENED","file":"/src/main/java/com/yourcompany/game/Contestant.java","tags":{"FILE_LINE_OF_CODE":"5"}}
{"ts":1746613820037,"action":"FILE_CLOSED","file":"/src/main/java/com/yourcompany/game/Contestant.java","tags":{"FILE_LINE_OF_CODE":"5"}}
{"ts":1746613820037,"action":"FILE_OPENED","file":"/src/main/java/com/yourcompany/game/tennis/TennisSet.java","tags":{"FILE_LINE_OF_CODE":"149"}}
{"ts":1746613894179,"action":"IDE_DEACTIVATED"}
{"ts":1746613899858,"action":"IDE_ACTIVATED"}
{"ts":1746613899930,"action":"IDE_DEACTIVATED"}
{"ts":1746613906710,"action":"IDE_ACTIVATED"}
{"ts":1746613909149,"action":"FILE_CLOSED","file":"/src/main/java/com/yourcompany/game/tennis/TennisSet.java","tags":{"FILE_LINE_OF_CODE":"135"}}
{"ts":1746613909149,"action":"FILE_OPENED","file":"/src/main/java/com/yourcompany/game/tennis/Game.java","tags":{"FILE_LINE_OF_CODE":"124"}}
{"ts":1746613909566,"action":"IDE_DEACTIVATED"}
{"ts":1746613911849,"action":"IDE_ACTIVATED"}
{"ts":1746613991183,"action":"FILE_CLOSED","file":"/src/main/java/com/yourcompany/game/tennis/Game.java","tags":{"FILE_LINE_OF_CODE":"119"}}
{"ts":1746613991183,"action":"FILE_OPENED","file":"/src/main/java/com/yourcompany/game/tennis/TennisPlayer.java","tags":{"FILE_LINE_OF_CODE":"41"}}
{"ts":1746613991844,"action":"FILE_CLOSED","file":"/src/main/java/com/yourcompany/game/tennis/TennisPlayer.java","tags":{"FILE_LINE_OF_CODE":"41"}}
{"ts":1746613991844,"action":"FILE_OPENED","file":"/src/main/java/com/yourcompany/game/tennis/TennisPoint.java","tags":{"FILE_LINE_OF_CODE":"48"}}
{"ts":1746613992948,"action":"FILE_CLOSED","file":"/src/main/java/com/yourcompany/game/tennis/TennisPoint.java","tags":{"FILE_LINE_OF_CODE":"48"}}
{"ts":1746613992948,"action":"FILE_OPENED","file":"/src/main/java/com/yourcompany/game/tennis/TennisResult.java","tags":{"FILE_LINE_OF_CODE":"121"}}
{"ts":1746613994224,"action":"FILE_CLOSED","file":"/src/main/java/com/yourcompany/game/tennis/TennisResult.java","tags":{"FILE_LINE_OF_CODE":"121"}}
{"ts":1746613994224,"action":"FILE_OPENED","file":"/src/main/java/com/yourcompany/game/tennis/TennisSet.java","tags":{"FILE_LINE_OF_CODE":"135"}}
{"ts":1746614005290,"action":"FILE_CLOSED","file":"/src/main/java/com/yourcompany/game/tennis/TennisSet.java","tags":{"FILE_LINE_OF_CODE":"135"}}
{"ts":1746614005290,"action":"FILE_OPENED","file":"/src/main/java/com/yourcompany/game/tennis/Game.java","tags":{"FILE_LINE_OF_CODE":"122"}}
{"ts":1746614011963,"action":"FILE_CLOSED","file":"/src/main/java/com/yourcompany/game/tennis/Game.java","tags":{"FILE_LINE_OF_CODE":"123"}}
{"ts":1746614011963,"action":"FILE_OPENED","file":"/src/main/java/com/yourcompany/game/tennis/TennisPlayer.java","tags":{"FILE_LINE_OF_CODE":"41"}}
{"ts":1746614016476,"action":"FILE_CLOSED","file":"/src/main/java/com/yourcompany/game/tennis/TennisPlayer.java","tags":{"FILE_LINE_OF_CODE":"41"}}
{"ts":1746614016477,"action":"FILE_OPENED","file":"/src/main/java/com/yourcompany/game/Main.java","tags":{"FILE_LINE_OF_CODE":"7"}}
{"ts":1746614017915,"action":"IDE_DEACTIVATED"}
{"ts":1746614058333,"action":"IDE_ACTIVATED"}
{"ts":1746614064560,"action":"IDE_DEACTIVATED"}
{"ts":1746614075308,"action":"IDE_ACTIVATED"}
{"ts":1746614077677,"action":"IDE_DEACTIVATED"}
{"ts":1746614081602,"action":"IDE_ACTIVATED"}
{"ts":1746614082722,"action":"FILE_CLOSED","file":"/src/main/java/com/yourcompany/game/Main.java","tags":{"FILE_LINE_OF_CODE":"7"}}
{"ts":1746614082722,"action":"FILE_OPENED","file":"/src/main/java/com/yourcompany/game/Contestant.java","tags":{"FILE_LINE_OF_CODE":"5"}}
{"ts":1746614083076,"action":"FILE_CLOSED","file":"/src/main/java/com/yourcompany/game/Contestant.java","tags":{"FILE_LINE_OF_CODE":"5"}}
{"ts":1746614083076,"action":"FILE_OPENED","file":"/src/main/java/com/yourcompany/game/tennis/TennisSet.java","tags":{"FILE_LINE_OF_CODE":"135"}}
{"ts":1746614089808,"action":"FILE_CLOSED","file":"/src/main/java/com/yourcompany/game/tennis/TennisSet.java","tags":{"FILE_LINE_OF_CODE":"135"}}
{"ts":1746614089808,"action":"FILE_OPENED","file":"/src/main/java/com/yourcompany/game/tennis/TennisResult.java","tags":{"FILE_LINE_OF_CODE":"121"}}
{"ts":1746614098693,"action":"FILE_CLOSED","file":"/src/main/java/com/yourcompany/game/tennis/TennisResult.java","tags":{"FILE_LINE_OF_CODE":"120"}}
{"ts":1746614098693,"action":"FILE_OPENED","file":"/src/main/java/com/yourcompany/game/tennis/TennisPoint.java","tags":{"FILE_LINE_OF_CODE":"48"}}
{"ts":1746614103005,"action":"FILE_CLOSED","file":"/src/main/java/com/yourcompany/game/tennis/TennisPoint.java","tags":{"FILE_LINE_OF_CODE":"48"}}
{"ts":1746614103005,"action":"FILE_OPENED","file":"/src/main/java/com/yourcompany/game/tennis/TennisPlayer.java","tags":{"FILE_LINE_OF_CODE":"41"}}
{"ts":1746614105032,"action":"FILE_CLOSED","file":"/src/main/java/com/yourcompany/game/tennis/TennisPlayer.java","tags":{"FILE_LINE_OF_CODE":"41"}}
{"ts":1746614105032,"action":"FILE_OPENED","file":"/src/main/java/com/yourcompany/game/tennis/Game.java","tags":{"FILE_LINE_OF_CODE":"123"}}
{"ts":1746614105662,"action":"FILE_CLOSED","file":"/src/main/java/com/yourcompany/game/tennis/Game.java","tags":{"FILE_LINE_OF_CODE":"123"}}
{"ts":1746614105662,"action":"FILE_OPENED","file":"/src/main/java/com/yourcompany/game/tennis/TennisPlayer.java","tags":{"FILE_LINE_OF_CODE":"41"}}
{"ts":1746614106986,"action":"FILE_CLOSED","file":"/src/main/java/com/yourcompany/game/tennis/TennisPlayer.java","tags":{"FILE_LINE_OF_CODE":"41"}}
{"ts":1746614106986,"action":"FILE_OPENED","file":"/src/main/java/com/yourcompany/game/tennis/TennisPoint.java","tags":{"FILE_LINE_OF_CODE":"48"}}
{"ts":1746614110248,"action":"FILE_CLOSED","file":"/src/main/java/com/yourcompany/game/tennis/TennisPoint.java","tags":{"FILE_LINE_OF_CODE":"48"}}
{"ts":1746614110249,"action":"FILE_OPENED","file":"/src/main/java/com/yourcompany/game/tennis/TennisResult.java","tags":{"FILE_LINE_OF_CODE":"120"}}
{"ts":1746614110695,"action":"FILE_CLOSED","file":"/src/main/java/com/yourcompany/game/tennis/TennisResult.java","tags":{"FILE_LINE_OF_CODE":"120"}}
{"ts":1746614110695,"action":"FILE_OPENED","file":"/src/main/java/com/yourcompany/game/tennis/TennisSet.java","tags":{"FILE_LINE_OF_CODE":"135"}}
{"ts":1746614111569,"action":"IDE_DEACTIVATED"}
{"ts":1746614115524,"action":"IDE_ACTIVATED"}
{"ts":1746614122559,"action":"FILE_CLOSED","file":"/src/main/java/com/yourcompany/game/tennis/TennisSet.java","tags":{"FILE_LINE_OF_CODE":"135"}}
{"ts":1746614122559,"action":"FILE_OPENED","file":"/src/main/java/com/yourcompany/game/tennis/TennisResult.java","tags":{"FILE_LINE_OF_CODE":"120"}}
{"ts":1746614124924,"action":"FILE_CLOSED","file":"/src/main/java/com/yourcompany/game/tennis/TennisResult.java","tags":{"FILE_LINE_OF_CODE":"120"}}
{"ts":1746614124924,"action":"FILE_OPENED","file":"/src/main/java/com/yourcompany/game/tennis/TennisPoint.java","tags":{"FILE_LINE_OF_CODE":"48"}}
{"ts":1746614128136,"action":"FILE_CLOSED","file":"/src/main/java/com/yourcompany/game/tennis/TennisPoint.java","tags":{"FILE_LINE_OF_CODE":"48"}}
{"ts":1746614128136,"action":"FILE_OPENED","file":"/src/main/java/com/yourcompany/game/tennis/TennisPlayer.java","tags":{"FILE_LINE_OF_CODE":"41"}}
{"ts":1746614129824,"action":"FILE_CLOSED","file":"/src/main/java/com/yourcompany/game/tennis/TennisPlayer.java","tags":{"FILE_LINE_OF_CODE":"41"}}
{"ts":1746614129824,"action":"FILE_OPENED","file":"/src/main/java/com/yourcompany/game/tennis/Game.java","tags":{"FILE_LINE_OF_CODE":"123"}}
{"ts":1746614134544,"action":"IDE_DEACTIVATED"}
{"ts":1746614143051,"action":"IDE_ACTIVATED"}
{"ts":1746614143833,"action":"IDE_DEACTIVATED"}
{"ts":1746614242806,"action":"IDE_ACTIVATED"}
{"ts":1746614243479,"action":"IDE_DEACTIVATED"}
{"ts":1746614272728,"action":"IDE_ACTIVATED"}
{"ts":1746614273730,"action":"FILE_CLOSED","file":"/src/main/java/com/yourcompany/game/tennis/Game.java","tags":{"FILE_LINE_OF_CODE":"123"}}
{"ts":1746614273730,"action":"FILE_OPENED","file":"/src/main/java/com/yourcompany/game/tennis/TennisResult.java","tags":{"FILE_LINE_OF_CODE":"120"}}
{"ts":1746614274059,"action":"FILE_CLOSED","file":"/src/main/java/com/yourcompany/game/tennis/TennisResult.java","tags":{"FILE_LINE_OF_CODE":"120"}}
{"ts":1746614274059,"action":"FILE_OPENED","file":"/src/main/java/com/yourcompany/game/tennis/TennisSet.java","tags":{"FILE_LINE_OF_CODE":"135"}}
{"ts":1746614330330,"action":"IDE_DEACTIVATED"}
{"ts":1746614337031,"action":"IDE_ACTIVATED"}
{"ts":1746614339620,"action":"IDE_DEACTIVATED"}
{"ts":1746614368614,"action":"IDE_ACTIVATED"}
{"ts":1746614408217,"action":"FILE_CLOSED","file":"/src/main/java/com/yourcompany/game/tennis/TennisSet.java","tags":{"FILE_LINE_OF_CODE":"136"}}
{"ts":1746614408217,"action":"FILE_OPENED","file":"/src/main/java/com/yourcompany/game/tennis/TennisPoint.java","tags":{"FILE_LINE_OF_CODE":"48"}}
{"ts":1746614409354,"action":"IDE_DEACTIVATED"}
{"ts":1746614415925,"action":"IDE_ACTIVATED"}
{"ts":1746614447245,"action":"IDE_DEACTIVATED"}
{"ts":1746614457389,"action":"IDE_ACTIVATED"}
{"ts":1746614470964,"action":"IDE_DEACTIVATED"}
{"ts":1746614478596,"action":"IDE_ACTIVATED"}
{"ts":1746614479855,"action":"FILE_CLOSED","file":"/src/main/java/com/yourcompany/game/tennis/TennisPoint.java","tags":{"FILE_LINE_OF_CODE":"76"}}
{"ts":1746614479855,"action":"FILE_OPENED","file":"/src/main/java/com/yourcompany/game/tennis/Game.java","tags":{"FILE_LINE_OF_CODE":"123"}}
{"ts":1746614481968,"action":"IDE_DEACTIVATED"}
{"ts":1746614559430,"action":"IDE_ACTIVATED"}
{"ts":1746614625104,"action":"FILE_CLOSED","file":"/src/main/java/com/yourcompany/game/tennis/Game.java","tags":{"FILE_LINE_OF_CODE":"137"}}
{"ts":1746614625104,"action":"FILE_OPENED","file":"/src/main/java/com/yourcompany/game/Event.java","tags":{"FILE_LINE_OF_CODE":"34"}}
{"ts":1746614626930,"action":"IDE_DEACTIVATED"}
{"ts":1746614635164,"action":"IDE_ACTIVATED"}
{"ts":1746614636824,"action":"FILE_CLOSED","file":"/src/main/java/com/yourcompany/game/Event.java","tags":{"FILE_LINE_OF_CODE":"34"}}
{"ts":1746614636824,"action":"FILE_OPENED","file":"/src/main/java/com/yourcompany/game/tennis/TennisPlayer.java","tags":{"FILE_LINE_OF_CODE":"41"}}
{"ts":1746614640359,"action":"FILE_CLOSED","file":"/src/main/java/com/yourcompany/game/tennis/TennisPlayer.java","tags":{"FILE_LINE_OF_CODE":"41"}}
{"ts":1746614640359,"action":"FILE_OPENED","file":"/src/main/java/com/yourcompany/game/tennis/TennisSet.java","tags":{"FILE_LINE_OF_CODE":"136"}}
{"ts":1746614655914,"action":"FILE_CLOSED","file":"/src/main/java/com/yourcompany/game/tennis/TennisSet.java","tags":{"FILE_LINE_OF_CODE":"136"}}
{"ts":1746614655914,"action":"FILE_OPENED","file":"/src/main/java/com/yourcompany/game/tennis/Game.java","tags":{"FILE_LINE_OF_CODE":"137"}}
{"ts":1746614674910,"action":"FILE_CLOSED","file":"/src/main/java/com/yourcompany/game/tennis/Game.java","tags":{"FILE_LINE_OF_CODE":"137"}}
{"ts":1746614674910,"action":"FILE_OPENED","file":"/src/main/java/com/yourcompany/game/tennis/TennisPoint.java","tags":{"FILE_LINE_OF_CODE":"76"}}
{"ts":1746614676378,"action":"FILE_CLOSED","file":"/src/main/java/com/yourcompany/game/tennis/TennisPoint.java","tags":{"FILE_LINE_OF_CODE":"76"}}
{"ts":1746614676378,"action":"FILE_OPENED","file":"/src/main/java/com/yourcompany/game/tennis/TennisSet.java","tags":{"FILE_LINE_OF_CODE":"136"}}
{"ts":1746614689161,"action":"FILE_CLOSED","file":"/src/main/java/com/yourcompany/game/tennis/TennisSet.java","tags":{"FILE_LINE_OF_CODE":"136"}}
{"ts":1746614689161,"action":"FILE_OPENED","file":"/src/main/java/com/yourcompany/game/tennis/Game.java","tags":{"FILE_LINE_OF_CODE":"140"}}
{"ts":1746614692437,"action":"FILE_CLOSED","file":"/src/main/java/com/yourcompany/game/tennis/Game.java","tags":{"FILE_LINE_OF_CODE":"141"}}
{"ts":1746614692437,"action":"FILE_OPENED","file":"/src/main/java/com/yourcompany/game/tennis/TennisPoint.java","tags":{"FILE_LINE_OF_CODE":"76"}}
{"ts":1746614696958,"action":"FILE_CLOSED","file":"/src/main/java/com/yourcompany/game/tennis/TennisPoint.java","tags":{"FILE_LINE_OF_CODE":"76"}}
{"ts":1746614696958,"action":"FILE_OPENED","file":"/src/main/java/com/yourcompany/game/tennis/TennisSet.java","tags":{"FILE_LINE_OF_CODE":"136"}}
{"ts":1746614704839,"action":"IDE_DEACTIVATED"}
{"ts":1746614705726,"action":"IDE_ACTIVATED"}
{"ts":1746614711055,"action":"FILE_CLOSED","file":"/src/main/java/com/yourcompany/game/tennis/TennisSet.java","tags":{"FILE_LINE_OF_CODE":"136"}}
{"ts":1746614711055,"action":"FILE_OPENED","file":"/src/main/java/com/yourcompany/game/tennis/Game.java","tags":{"FILE_LINE_OF_CODE":"141"}}
{"ts":1746614715627,"action":"FILE_CLOSED","file":"/src/main/java/com/yourcompany/game/tennis/Game.java","tags":{"FILE_LINE_OF_CODE":"141"}}
{"ts":1746614715627,"action":"FILE_OPENED","file":"/src/main/java/com/yourcompany/game/tennis/TennisPoint.java","tags":{"FILE_LINE_OF_CODE":"76"}}
{"ts":1746614717564,"action":"FILE_CLOSED","file":"/src/main/java/com/yourcompany/game/tennis/TennisPoint.java","tags":{"FILE_LINE_OF_CODE":"76"}}
{"ts":1746614717564,"action":"FILE_OPENED","file":"/src/main/java/com/yourcompany/game/tennis/TennisResult.java","tags":{"FILE_LINE_OF_CODE":"120"}}
{"ts":1746614718814,"action":"FILE_CLOSED","file":"/src/main/java/com/yourcompany/game/tennis/TennisResult.java","tags":{"FILE_LINE_OF_CODE":"120"}}
{"ts":1746614718814,"action":"FILE_OPENED","file":"/src/main/java/com/yourcompany/game/tennis/TennisSet.java","tags":{"FILE_LINE_OF_CODE":"136"}}
{"ts":1746614731820,"action":"IDE_DEACTIVATED"}
{"ts":1746615962981,"action":"IDE_ACTIVATED"}
{"ts":1746615964306,"action":"FILE_CLOSED","file":"/src/main/java/com/yourcompany/game/tennis/TennisSet.java","tags":{"FILE_LINE_OF_CODE":"136"}}
{"ts":1746615964306,"action":"FILE_OPENED","file":"/src/main/java/com/yourcompany/game/Main.java","tags":{"FILE_LINE_OF_CODE":"7"}}
{"ts":1746615970526,"action":"IDE_DEACTIVATED"}
{"ts":1746615971809,"action":"IDE_ACTIVATED"}
{"ts":1746615974205,"action":"IDE_DEACTIVATED"}
{"ts":1746615975903,"action":"IDE_ACTIVATED"}
{"ts":1746615976797,"action":"IDE_DEACTIVATED"}
{"ts":1746615996107,"action":"IDE_ACTIVATED"}
{"ts":1746616002506,"action":"IDE_DEACTIVATED"}
{"ts":1746616004274,"action":"IDE_ACTIVATED"}
{"ts":1746616008062,"action":"IDE_DEACTIVATED"}
{"ts":1746616011524,"action":"IDE_ACTIVATED"}
{"ts":1746616013574,"action":"IDE_DEACTIVATED"}
{"ts":1746616021010,"action":"IDE_ACTIVATED"}
{"ts":1746616022731,"action":"IDE_DEACTIVATED"}
{"ts":1746616133995,"action":"IDE_ACTIVATED"}
{"ts":1746616137651,"action":"IDE_DEACTIVATED"}
{"ts":1746616157567,"action":"IDE_ACTIVATED"}
{"ts":1746616158112,"action":"IDE_DEACTIVATED"}
{"ts":1746616845040,"action":"IDE_ACTIVATED"}
{"ts":1746616848987,"action":"IDE_DEACTIVATED"}
{"ts":1746617585216,"action":"IDE_ACTIVATED"}
{"ts":1746617588889,"action":"IDE_DEACTIVATED"}
{"ts":1746618006062,"action":"IDE_ACTIVATED"}
{"ts":1746618010817,"action":"IDE_DEACTIVATED"}
{"ts":1746618030350,"action":"IDE_ACTIVATED"}
{"ts":1746618033988,"action":"FILE_CLOSED","file":"/src/main/java/com/yourcompany/game/Main.java","tags":{"FILE_LINE_OF_CODE":"8"}}
{"ts":1746618057166,"action":"FILE_OPENED","file":"/src/main/java/com/yourcompany/game/Main.java","tags":{"FILE_LINE_OF_CODE":"8"}}
{"ts":1746618060584,"action":"IDE_DEACTIVATED"}
{"ts":1746618061140,"action":"IDE_ACTIVATED"}
{"ts":1746618062594,"action":"IDE_DEACTIVATED"}
{"ts":1746618070993,"action":"IDE_ACTIVATED"}
{"ts":1746618072369,"action":"IDE_DEACTIVATED"}
{"ts":1746618105654,"action":"IDE_ACTIVATED"}
{"ts":1746618111000,"action":"FILE_CLOSED","file":"/src/main/java/com/yourcompany/game/Main.java","tags":{"FILE_LINE_OF_CODE":"8"}}
{"ts":1746618111066,"action":"FILE_OPENED","file":"/src/main/java/com/yourcompany/game/tennis/TennisMatch.java","tags":{"FILE_LINE_OF_CODE":"5"}}
{"ts":1746618193387,"action":"IDE_DEACTIVATED"}
{"ts":1746618235463,"action":"IDE_ACTIVATED"}
{"ts":1746618237348,"action":"IDE_DEACTIVATED"}
{"ts":1746618250704,"action":"IDE_ACTIVATED"}
{"ts":1746618256565,"action":"FILE_CLOSED","file":"/src/main/java/com/yourcompany/game/tennis/TennisMatch.java","tags":{"FILE_LINE_OF_CODE":"130"}}
{"ts":1746618256660,"action":"FILE_OPENED","file":"/src/main/java/com/yourcompany/game/tennis/TennisViolation.java","tags":{"FILE_LINE_OF_CODE":"5"}}
{"ts":1746618271340,"action":"IDE_DEACTIVATED"}
{"ts":1746618328150,"action":"IDE_ACTIVATED"}
{"ts":1746618339286,"action":"FILE_CLOSED","file":"/src/main/java/com/yourcompany/game/tennis/TennisViolation.java","tags":{"FILE_LINE_OF_CODE":"27"}}
{"ts":1746618339381,"action":"FILE_OPENED","file":"/src/main/java/com/yourcompany/game/tennis/TennisPenalty.java","tags":{"FILE_LINE_OF_CODE":"5"}}
{"ts":1746618339874,"action":"IDE_DEACTIVATED"}
{"ts":1746618342469,"action":"IDE_ACTIVATED"}
{"ts":1746618379239,"action":"IDE_DEACTIVATED"}
{"ts":1746618568934,"action":"IDE_ACTIVATED"}
{"ts":1746618569217,"action":"IDE_DEACTIVATED"}
{"ts":1746618601079,"action":"IDE_ACTIVATED"}
{"ts":1746618605403,"action":"FILE_CLOSED","file":"/src/main/java/com/yourcompany/game/tennis/TennisPenalty.java","tags":{"FILE_LINE_OF_CODE":"22"}}
{"ts":1746618605524,"action":"FILE_OPENED","file":"/src/main/java/com/yourcompany/game/tennis/PointPenalty.java","tags":{"FILE_LINE_OF_CODE":"5"}}
{"ts":1746618656623,"action":"FILE_CLOSED","file":"/src/main/java/com/yourcompany/game/tennis/PointPenalty.java","tags":{"FILE_LINE_OF_CODE":"34"}}
{"ts":1746618656623,"action":"FILE_OPENED","file":"/src/main/java/com/yourcompany/game/tennis/TennisPenalty.java","tags":{"FILE_LINE_OF_CODE":"22"}}
{"ts":1746618660080,"action":"FILE_CLOSED","file":"/src/main/java/com/yourcompany/game/tennis/TennisPenalty.java","tags":{"FILE_LINE_OF_CODE":"22"}}
{"ts":1746618660080,"action":"FILE_OPENED","file":"/src/main/java/com/yourcompany/game/Penalty.java","tags":{"FILE_LINE_OF_CODE":"6"}}
{"ts":1746618662026,"action":"FILE_CLOSED","file":"/src/main/java/com/yourcompany/game/Penalty.java","tags":{"FILE_LINE_OF_CODE":"6"}}
{"ts":1746618662026,"action":"FILE_OPENED","file":"/src/main/java/com/yourcompany/game/Violation.java","tags":{"FILE_LINE_OF_CODE":"6"}}
{"ts":1746618663087,"action":"FILE_CLOSED","file":"/src/main/java/com/yourcompany/game/Violation.java","tags":{"FILE_LINE_OF_CODE":"6"}}
{"ts":1746618663087,"action":"FILE_OPENED","file":"/src/main/java/com/yourcompany/game/Event.java","tags":{"FILE_LINE_OF_CODE":"34"}}
{"ts":1746618664012,"action":"FILE_CLOSED","file":"/src/main/java/com/yourcompany/game/Event.java","tags":{"FILE_LINE_OF_CODE":"34"}}
{"ts":1746618664012,"action":"FILE_OPENED","file":"/src/main/java/com/yourcompany/game/tennis/TennisPlayer.java","tags":{"FILE_LINE_OF_CODE":"41"}}
{"ts":1746618666354,"action":"FILE_CLOSED","file":"/src/main/java/com/yourcompany/game/tennis/TennisPlayer.java","tags":{"FILE_LINE_OF_CODE":"41"}}
{"ts":1746618666354,"action":"FILE_OPENED","file":"/src/main/java/com/yourcompany/game/Event.java","tags":{"FILE_LINE_OF_CODE":"34"}}
{"ts":1746618666927,"action":"FILE_CLOSED","file":"/src/main/java/com/yourcompany/game/Event.java","tags":{"FILE_LINE_OF_CODE":"34"}}
{"ts":1746618666927,"action":"FILE_OPENED","file":"/src/main/java/com/yourcompany/game/tennis/PointPenalty.java","tags":{"FILE_LINE_OF_CODE":"34"}}
{"ts":1746618677686,"action":"FILE_CLOSED","file":"/src/main/java/com/yourcompany/game/tennis/PointPenalty.java","tags":{"FILE_LINE_OF_CODE":"34"}}
{"ts":1746618677686,"action":"FILE_OPENED","file":"/src/main/java/com/yourcompany/game/tennis/TennisMatch.java","tags":{"FILE_LINE_OF_CODE":"130"}}
{"ts":1746618680144,"action":"FILE_CLOSED","file":"/src/main/java/com/yourcompany/game/tennis/TennisMatch.java","tags":{"FILE_LINE_OF_CODE":"130"}}
{"ts":1746618680144,"action":"FILE_OPENED","file":"/src/main/java/com/yourcompany/game/tennis/TennisViolation.java","tags":{"FILE_LINE_OF_CODE":"27"}}
{"ts":1746618680662,"action":"FILE_CLOSED","file":"/src/main/java/com/yourcompany/game/tennis/TennisViolation.java","tags":{"FILE_LINE_OF_CODE":"27"}}
{"ts":1746618680662,"action":"FILE_OPENED","file":"/src/main/java/com/yourcompany/game/tennis/TennisMatch.java","tags":{"FILE_LINE_OF_CODE":"130"}}
{"ts":1746618685253,"action":"FILE_CLOSED","file":"/src/main/java/com/yourcompany/game/tennis/TennisMatch.java","tags":{"FILE_LINE_OF_CODE":"130"}}
{"ts":1746618685253,"action":"FILE_OPENED","file":"/src/main/java/com/yourcompany/game/tennis/PointPenalty.java","tags":{"FILE_LINE_OF_CODE":"34"}}
{"ts":1746618786415,"action":"IDE_DEACTIVATED"}
{"ts":1746618797773,"action":"IDE_ACTIVATED"}
{"ts":1746618798319,"action":"IDE_DEACTIVATED"}
{"ts":1746618800584,"action":"IDE_ACTIVATED"}
{"ts":1746618801499,"action":"IDE_DEACTIVATED"}
{"ts":1746618842387,"action":"IDE_ACTIVATED"}
{"ts":1746618842589,"action":"IDE_DEACTIVATED"}
{"ts":1746618909044,"action":"IDE_ACTIVATED"}
{"ts":1746618909374,"action":"IDE_DEACTIVATED"}
{"ts":1746618914816,"action":"IDE_ACTIVATED"}
{"ts":1746618932777,"action":"IDE_DEACTIVATED"}
{"ts":1746618987051,"action":"IDE_ACTIVATED"}
{"ts":1746618991413,"action":"FILE_CLOSED","file":"/src/main/java/com/yourcompany/game/tennis/PointPenalty.java","tags":{"FILE_LINE_OF_CODE":"41"}}
{"ts":1746618991530,"action":"FILE_OPENED","file":"/src/main/java/com/yourcompany/game/tennis/GamePenalty.java","tags":{"FILE_LINE_OF_CODE":"5"}}
{"ts":1746619028846,"action":"IDE_DEACTIVATED"}
{"ts":1746619033340,"action":"IDE_ACTIVATED"}
{"ts":1746619034364,"action":"IDE_DEACTIVATED"}
{"ts":1746619091552,"action":"IDE_ACTIVATED"}
{"ts":1746619092870,"action":"FILE_CLOSED","file":"/src/main/java/com/yourcompany/game/tennis/GamePenalty.java","tags":{"FILE_LINE_OF_CODE":"54"}}
{"ts":1746619092870,"action":"FILE_OPENED","file":"/src/main/java/com/yourcompany/game/tennis/TennisMatch.java","tags":{"FILE_LINE_OF_CODE":"130"}}
{"ts":1746619099476,"action":"IDE_DEACTIVATED"}
{"ts":1746619107559,"action":"IDE_ACTIVATED"}
{"ts":1746619144830,"action":"FILE_CLOSED","file":"/src/main/java/com/yourcompany/game/tennis/TennisMatch.java","tags":{"FILE_LINE_OF_CODE":"174"}}
{"ts":1746619144874,"action":"FILE_OPENED","file":"/src/main/java/com/yourcompany/game/Violation.java","tags":{"FILE_LINE_OF_CODE":"6"}}
{"ts":1746619152362,"action":"FILE_CLOSED","file":"/src/main/java/com/yourcompany/game/Violation.java","tags":{"FILE_LINE_OF_CODE":"6"}}
{"ts":1746619152362,"action":"FILE_OPENED","file":"/src/main/java/com/yourcompany/game/tennis/TennisMatch.java","tags":{"FILE_LINE_OF_CODE":"174"}}
{"ts":1746619203100,"action":"IDE_DEACTIVATED"}
{"ts":1746619210411,"action":"IDE_ACTIVATED"}
{"ts":1746619211655,"action":"IDE_DEACTIVATED"}
{"ts":1746619212394,"action":"IDE_ACTIVATED"}
{"ts":1746619213016,"action":"IDE_DEACTIVATED"}
{"ts":1746619213612,"action":"IDE_ACTIVATED"}
{"ts":1746619214731,"action":"IDE_DEACTIVATED"}
{"ts":1746619219281,"action":"IDE_ACTIVATED"}
{"ts":1746619219941,"action":"IDE_DEACTIVATED"}
{"ts":1746619277269,"action":"IDE_ACTIVATED"}
{"ts":1746619296233,"action":"FILE_CLOSED","file":"/src/main/java/com/yourcompany/game/tennis/TennisMatch.java","tags":{"FILE_LINE_OF_CODE":"174"}}
{"ts":1746619296233,"action":"FILE_OPENED","file":"/src/main/java/com/yourcompany/game/Violation.java","tags":{"FILE_LINE_OF_CODE":"6"}}
{"ts":1746619304743,"action":"IDE_DEACTIVATED"}
{"ts":1746619306404,"action":"IDE_ACTIVATED"}
{"ts":1746619326266,"action":"IDE_DEACTIVATED"}
{"ts":1746619327193,"action":"IDE_ACTIVATED"}
{"ts":1746619343174,"action":"FILE_CLOSED","file":"/src/main/java/com/yourcompany/game/Violation.java","tags":{"FILE_LINE_OF_CODE":"6"}}
{"ts":1746619343174,"action":"FILE_OPENED","file":"/src/main/java/com/yourcompany/game/tennis/TennisMatch.java","tags":{"FILE_LINE_OF_CODE":"174"}}
{"ts":1746619351915,"action":"FILE_CLOSED","file":"/src/main/java/com/yourcompany/game/tennis/TennisMatch.java","tags":{"FILE_LINE_OF_CODE":"174"}}
{"ts":1746619351915,"action":"FILE_OPENED","file":"/src/main/java/com/yourcompany/game/Match.java","tags":{"FILE_LINE_OF_CODE":"12"}}
{"ts":1746619358014,"action":"FILE_CLOSED","file":"/src/main/java/com/yourcompany/game/Match.java","tags":{"FILE_LINE_OF_CODE":"12"}}
{"ts":1746619358014,"action":"FILE_OPENED","file":"/src/main/java/com/yourcompany/game/tennis/PointPenalty.java","tags":{"FILE_LINE_OF_CODE":"41"}}
{"ts":1746619360295,"action":"FILE_CLOSED","file":"/src/main/java/com/yourcompany/game/tennis/PointPenalty.java","tags":{"FILE_LINE_OF_CODE":"41"}}
{"ts":1746619360295,"action":"FILE_OPENED","file":"/src/main/java/com/yourcompany/game/tennis/TennisViolation.java","tags":{"FILE_LINE_OF_CODE":"27"}}
{"ts":1746619360760,"action":"FILE_CLOSED","file":"/src/main/java/com/yourcompany/game/tennis/TennisViolation.java","tags":{"FILE_LINE_OF_CODE":"27"}}
{"ts":1746619360760,"action":"FILE_OPENED","file":"/src/main/java/com/yourcompany/game/Violation.java","tags":{"FILE_LINE_OF_CODE":"6"}}
{"ts":1746619362338,"action":"FILE_CLOSED","file":"/src/main/java/com/yourcompany/game/Violation.java","tags":{"FILE_LINE_OF_CODE":"6"}}
{"ts":1746619362338,"action":"FILE_OPENED","file":"/src/main/java/com/yourcompany/game/tennis/TennisMatch.java","tags":{"FILE_LINE_OF_CODE":"174"}}
{"ts":1746619373571,"action":"FILE_CLOSED","file":"/src/main/java/com/yourcompany/game/tennis/TennisMatch.java","tags":{"FILE_LINE_OF_CODE":"173"}}
{"ts":1746619373571,"action":"FILE_OPENED","file":"/src/main/java/com/yourcompany/game/tennis/TennisViolation.java","tags":{"FILE_LINE_OF_CODE":"27"}}
{"ts":1746619375632,"action":"FILE_CLOSED","file":"/src/main/java/com/yourcompany/game/tennis/TennisViolation.java","tags":{"FILE_LINE_OF_CODE":"27"}}
{"ts":1746619375632,"action":"FILE_OPENED","file":"/src/main/java/com/yourcompany/game/Violation.java","tags":{"FILE_LINE_OF_CODE":"6"}}
{"ts":1746619389384,"action":"FILE_CLOSED","file":"/src/main/java/com/yourcompany/game/Violation.java","tags":{"FILE_LINE_OF_CODE":"7"}}
{"ts":1746619389384,"action":"FILE_OPENED","file":"/src/main/java/com/yourcompany/game/tennis/TennisMatch.java","tags":{"FILE_LINE_OF_CODE":"173"}}
{"ts":1746619451468,"action":"IDE_DEACTIVATED"}
{"ts":1746619472766,"action":"IDE_ACTIVATED"}
{"ts":1746619474229,"action":"IDE_DEACTIVATED"}
{"ts":1746619478570,"action":"IDE_ACTIVATED"}
{"ts":1746619479936,"action":"FILE_CLOSED","file":"/src/main/java/com/yourcompany/game/tennis/TennisMatch.java","tags":{"FILE_LINE_OF_CODE":"160"}}
{"ts":1746619479936,"action":"FILE_OPENED","file":"/src/main/java/com/yourcompany/game/tennis/TennisResult.java","tags":{"FILE_LINE_OF_CODE":"120"}}
{"ts":1746619480985,"action":"FILE_CLOSED","file":"/src/main/java/com/yourcompany/game/tennis/TennisResult.java","tags":{"FILE_LINE_OF_CODE":"120"}}
{"ts":1746619480985,"action":"FILE_OPENED","file":"/src/main/java/com/yourcompany/game/Result.java","tags":{"FILE_LINE_OF_CODE":"6"}}
{"ts":1746619482765,"action":"FILE_CLOSED","file":"/src/main/java/com/yourcompany/game/Result.java","tags":{"FILE_LINE_OF_CODE":"6"}}
{"ts":1746619482765,"action":"FILE_OPENED","file":"/src/main/java/com/yourcompany/game/tennis/TennisMatch.java","tags":{"FILE_LINE_OF_CODE":"160"}}
{"ts":1746619515785,"action":"IDE_DEACTIVATED"}
{"ts":1746619516331,"action":"IDE_ACTIVATED"}
{"ts":1746619523289,"action":"FILE_CLOSED","file":"/src/main/java/com/yourcompany/game/tennis/TennisMatch.java","tags":{"FILE_LINE_OF_CODE":"155"}}
{"ts":1746619523289,"action":"FILE_OPENED","file":"/src/main/java/com/yourcompany/game/Violation.java","tags":{"FILE_LINE_OF_CODE":"7"}}
{"ts":1746619527276,"action":"FILE_CLOSED","file":"/src/main/java/com/yourcompany/game/Violation.java","tags":{"FILE_LINE_OF_CODE":"7"}}
{"ts":1746619527276,"action":"FILE_OPENED","file":"/src/main/java/com/yourcompany/game/tennis/TennisMatch.java","tags":{"FILE_LINE_OF_CODE":"155"}}
{"ts":1746619555494,"action":"IDE_DEACTIVATED"}
{"ts":1746619565813,"action":"IDE_ACTIVATED"}
{"ts":1746619566179,"action":"IDE_DEACTIVATED"}
{"ts":1746619570893,"action":"IDE_ACTIVATED"}
{"ts":1746619571887,"action":"IDE_DEACTIVATED"}
{"ts":1746619611320,"action":"IDE_ACTIVATED"}
{"ts":1746619628303,"action":"IDE_DEACTIVATED"}
{"ts":1746619632786,"action":"IDE_ACTIVATED"}
{"ts":1746619634906,"action":"IDE_DEACTIVATED"}
{"ts":1746619638036,"action":"IDE_ACTIVATED"}
{"ts":1746619639518,"action":"FILE_CLOSED","file":"/src/main/java/com/yourcompany/game/tennis/TennisMatch.java","tags":{"FILE_LINE_OF_CODE":"147"}}
{"ts":1746619639518,"action":"FILE_OPENED","file":"/src/main/java/com/yourcompany/game/tennis/TennisViolation.java","tags":{"FILE_LINE_OF_CODE":"27"}}
{"ts":1746619644606,"action":"IDE_DEACTIVATED"}
{"ts":1746619695299,"action":"IDE_ACTIVATED"}
{"ts":1746619724079,"action":"IDE_DEACTIVATED"}
{"ts":1746619746958,"action":"IDE_ACTIVATED"}
{"ts":1746619747566,"action":"IDE_DEACTIVATED"}
{"ts":1746619759790,"action":"IDE_ACTIVATED"}
{"ts":1746619762874,"action":"FILE_CLOSED","file":"/src/main/java/com/yourcompany/game/tennis/TennisViolation.java","tags":{"FILE_LINE_OF_CODE":"34"}}
{"ts":1746619762874,"action":"FILE_OPENED","file":"/src/main/java/com/yourcompany/game/tennis/TennisMatch.java","tags":{"FILE_LINE_OF_CODE":"147"}}
{"ts":1746619777834,"action":"IDE_DEACTIVATED"}
{"ts":1746619778660,"action":"IDE_ACTIVATED"}
{"ts":1746619778993,"action":"IDE_DEACTIVATED"}
{"ts":1746619784381,"action":"IDE_ACTIVATED"}
{"ts":1746619788284,"action":"IDE_DEACTIVATED"}
{"ts":1746619789564,"action":"IDE_ACTIVATED"}
{"ts":1746619790917,"action":"FILE_CLOSED","file":"/src/main/java/com/yourcompany/game/tennis/TennisMatch.java","tags":{"FILE_LINE_OF_CODE":"147"}}
{"ts":1746619791043,"action":"FILE_OPENED","file":"/src/main/java/com/yourcompany/game/tennis/FootFault.java","tags":{"FILE_LINE_OF_CODE":"5"}}
{"ts":1746619797152,"action":"IDE_DEACTIVATED"}
{"ts":1746619821910,"action":"IDE_ACTIVATED"}
{"ts":1746619823150,"action":"IDE_DEACTIVATED"}
{"ts":1746619824400,"action":"IDE_ACTIVATED"}
{"ts":1746619830265,"action":"FILE_CLOSED","file":"/src/main/java/com/yourcompany/game/tennis/FootFault.java","tags":{"FILE_LINE_OF_CODE":"10"}}
{"ts":1746619830324,"action":"FILE_OPENED","file":"/src/main/java/com/yourcompany/game/tennis/TimeViolation.java","tags":{"FILE_LINE_OF_CODE":"5"}}
{"ts":1746619840493,"action":"IDE_DEACTIVATED"}
{"ts":1746619928457,"action":"IDE_ACTIVATED"}
{"ts":1746619929718,"action":"IDE_DEACTIVATED"}
{"ts":1746619937771,"action":"IDE_ACTIVATED"}
{"ts":1746619938906,"action":"IDE_DEACTIVATED"}
{"ts":1746619942759,"action":"IDE_ACTIVATED"}
{"ts":1746619943975,"action":"FILE_CLOSED","file":"/src/main/java/com/yourcompany/game/tennis/TimeViolation.java","tags":{"FILE_LINE_OF_CODE":"9"}}
{"ts":1746619943975,"action":"FILE_OPENED","file":"/src/main/java/com/yourcompany/game/tennis/FootFault.java","tags":{"FILE_LINE_OF_CODE":"10"}}
{"ts":1746619944590,"action":"IDE_DEACTIVATED"}
{"ts":1746619954327,"action":"IDE_ACTIVATED"}
{"ts":1746619959049,"action":"FILE_CLOSED","file":"/src/main/java/com/yourcompany/game/tennis/FootFault.java","tags":{"FILE_LINE_OF_CODE":"10"}}
{"ts":1746619959142,"action":"FILE_OPENED","file":"/src/main/java/com/yourcompany/game/tennis/CodeViolation.java","tags":{"FILE_LINE_OF_CODE":"5"}}
{"ts":1746619973664,"action":"IDE_DEACTIVATED"}
{"ts":1746619974075,"action":"IDE_ACTIVATED"}
{"ts":1746619975609,"action":"IDE_DEACTIVATED"}
{"ts":1746620002828,"action":"IDE_ACTIVATED"}
{"ts":1746620008704,"action":"IDE_DEACTIVATED"}
{"ts":1746620028823,"action":"IDE_ACTIVATED"}
{"ts":1746620033547,"action":"FILE_CLOSED","file":"/src/main/java/com/yourcompany/game/tennis/CodeViolation.java","tags":{"FILE_LINE_OF_CODE":"10"}}
{"ts":1746620033547,"action":"FILE_OPENED","file":"/src/main/java/com/yourcompany/game/tennis/TennisViolation.java","tags":{"FILE_LINE_OF_CODE":"34"}}
{"ts":1746620035431,"action":"FILE_CLOSED","file":"/src/main/java/com/yourcompany/game/tennis/TennisViolation.java","tags":{"FILE_LINE_OF_CODE":"34"}}
{"ts":1746620035431,"action":"FILE_OPENED","file":"/src/main/java/com/yourcompany/game/tennis/TennisMatch.java","tags":{"FILE_LINE_OF_CODE":"147"}}
{"ts":1746620039204,"action":"IDE_DEACTIVATED"}
{"ts":1746621311740,"action":"IDE_ACTIVATED"}
{"ts":1746621312444,"action":"IDE_DEACTIVATED"}
{"ts":1746623513820,"action":"IDE_ACTIVATED"}
{"ts":1746623515627,"action":"IDE_DEACTIVATED"}
{"ts":1746623516175,"action":"IDE_ACTIVATED"}
{"ts":1746623525240,"action":"FILE_CLOSED","file":"/src/main/java/com/yourcompany/game/tennis/TennisMatch.java","tags":{"FILE_LINE_OF_CODE":"147"}}
{"ts":1746623525334,"action":"FILE_OPENED","file":"/src/main/java/com/yourcompany/game/Tournament.java","tags":{"FILE_LINE_OF_CODE":"5"}}
{"ts":1746623527100,"action":"IDE_DEACTIVATED"}
{"ts":1746623528724,"action":"IDE_ACTIVATED"}
{"ts":1746623530513,"action":"IDE_DEACTIVATED"}
{"ts":1746623530902,"action":"IDE_ACTIVATED"}
{"ts":1746623544620,"action":"IDE_DEACTIVATED"}
{"ts":1746623548273,"action":"IDE_ACTIVATED"}
{"ts":1746623549449,"action":"IDE_DEACTIVATED"}
{"ts":1746623556683,"action":"IDE_ACTIVATED"}
{"ts":1746623561189,"action":"FILE_CLOSED","file":"/src/main/java/com/yourcompany/game/Tournament.java","tags":{"FILE_LINE_OF_CODE":"21"}}
{"ts":1746623561278,"action":"FILE_OPENED","file":"/src/main/java/com/yourcompany/game/TournamentPhase.java","tags":{"FILE_LINE_OF_CODE":"5"}}
{"ts":1746623577529,"action":"FILE_CLOSED","file":"/src/main/java/com/yourcompany/game/TournamentPhase.java","tags":{"FILE_LINE_OF_CODE":"22"}}
{"ts":1746623577530,"action":"FILE_OPENED","file":"/src/main/java/com/yourcompany/game/tennis/FootFault.java","tags":{"FILE_LINE_OF_CODE":"10"}}
{"ts":1746623578619,"action":"IDE_DEACTIVATED"}
{"ts":1746623588605,"action":"IDE_ACTIVATED"}
{"ts":1746623593474,"action":"IDE_DEACTIVATED"}
{"ts":1746623596091,"action":"IDE_ACTIVATED"}
{"ts":1746623597079,"action":"IDE_DEACTIVATED"}
{"ts":1746623600770,"action":"IDE_ACTIVATED"}
{"ts":1746623600781,"action":"IDE_DEACTIVATED"}
{"ts":1746623602543,"action":"IDE_ACTIVATED"}
{"ts":1746623603172,"action":"FILE_CLOSED","file":"/src/main/java/com/yourcompany/game/tennis/FootFault.java","tags":{"FILE_LINE_OF_CODE":"10"}}
{"ts":1746623603228,"action":"FILE_OPENED","file":"/src/main/java/com/yourcompany/game/Standings.java","tags":{"FILE_LINE_OF_CODE":"5"}}
{"ts":1746623604938,"action":"IDE_DEACTIVATED"}
{"ts":1746623608085,"action":"IDE_ACTIVATED"}
{"ts":1746623628192,"action":"IDE_DEACTIVATED"}
{"ts":1746623629102,"action":"IDE_ACTIVATED"}
{"ts":1746623629321,"action":"IDE_DEACTIVATED"}
{"ts":1746623634076,"action":"IDE_ACTIVATED"}
{"ts":1746623634173,"action":"IDE_DEACTIVATED"}
{"ts":1746623705761,"action":"IDE_ACTIVATED"}
{"ts":1746623707129,"action":"IDE_DEACTIVATED"}
{"ts":1746623709061,"action":"IDE_ACTIVATED"}
{"ts":1746623709401,"action":"IDE_DEACTIVATED"}
{"ts":1746623710641,"action":"IDE_ACTIVATED"}
{"ts":1746623712764,"action":"IDE_DEACTIVATED"}
{"ts":1746623722540,"action":"IDE_ACTIVATED"}
{"ts":1746623722794,"action":"IDE_DEACTIVATED"}
{"ts":1746623723311,"action":"IDE_ACTIVATED"}
{"ts":1746623723621,"action":"IDE_DEACTIVATED"}
{"ts":1746624044870,"action":"IDE_ACTIVATED"}
{"ts":1746624048968,"action":"IDE_DEACTIVATED"}
{"ts":1746624052666,"action":"IDE_ACTIVATED"}
{"ts":1746624054512,"action":"FILE_CLOSED","file":"/src/main/java/com/yourcompany/game/Standings.java","tags":{"FILE_LINE_OF_CODE":"15"}}
{"ts":1746624054577,"action":"FILE_OPENED","file":"/src/main/java/com/yourcompany/game/Standing.java","tags":{"FILE_LINE_OF_CODE":"5"}}
{"ts":1746624065279,"action":"IDE_DEACTIVATED"}
{"ts":1746624065918,"action":"IDE_ACTIVATED"}
{"ts":1746624067279,"action":"IDE_DEACTIVATED"}
{"ts":1746624068248,"action":"IDE_ACTIVATED"}
{"ts":1746624074855,"action":"FILE_CLOSED","file":"/src/main/java/com/yourcompany/game/Standing.java","tags":{"FILE_LINE_OF_CODE":"14"}}
{"ts":1746624074914,"action":"FILE_OPENED","file":"/src/main/java/com/yourcompany/game/tennis/TennisStanding.java","tags":{"FILE_LINE_OF_CODE":"5"}}
{"ts":1746624075720,"action":"IDE_DEACTIVATED"}
{"ts":1746624083820,"action":"IDE_ACTIVATED"}
{"ts":1746624097571,"action":"FILE_CLOSED","file":"/src/main/java/com/yourcompany/game/tennis/TennisStanding.java","tags":{"FILE_LINE_OF_CODE":"273"}}
{"ts":1746624097571,"action":"FILE_OPENED","file":"/src/main/java/com/yourcompany/game/Standing.java","tags":{"FILE_LINE_OF_CODE":"14"}}
{"ts":1746624104312,"action":"FILE_CLOSED","file":"/src/main/java/com/yourcompany/game/Standing.java","tags":{"FILE_LINE_OF_CODE":"14"}}
{"ts":1746624104312,"action":"FILE_OPENED","file":"/src/main/java/com/yourcompany/game/Standings.java","tags":{"FILE_LINE_OF_CODE":"15"}}
{"ts":1746624105138,"action":"FILE_OPENED","file":"/src/main/java/com/yourcompany/game/tennis/FootFault.java","tags":{"FILE_LINE_OF_CODE":"10"}}
{"ts":1746624109862,"action":"FILE_CLOSED","file":"/src/main/java/com/yourcompany/game/tennis/FootFault.java","tags":{"FILE_LINE_OF_CODE":"10"}}
{"ts":1746624109862,"action":"FILE_OPENED","file":"/src/main/java/com/yourcompany/game/tennis/TennisStanding.java","tags":{"FILE_LINE_OF_CODE":"273"}}
{"ts":1746624134468,"action":"FILE_CLOSED","file":"/src/main/java/com/yourcompany/game/tennis/TennisStanding.java","tags":{"FILE_LINE_OF_CODE":"257"}}
{"ts":1746624134468,"action":"FILE_OPENED","file":"/src/main/java/com/yourcompany/game/Match.java","tags":{"FILE_LINE_OF_CODE":"12"}}
{"ts":1746624139213,"action":"FILE_CLOSED","file":"/src/main/java/com/yourcompany/game/Match.java","tags":{"FILE_LINE_OF_CODE":"12"}}
{"ts":1746624139213,"action":"FILE_OPENED","file":"/src/main/java/com/yourcompany/game/tennis/TennisMatch.java","tags":{"FILE_LINE_OF_CODE":"147"}}
{"ts":1746624143052,"action":"FILE_CLOSED","file":"/src/main/java/com/yourcompany/game/tennis/TennisMatch.java","tags":{"FILE_LINE_OF_CODE":"147"}}
{"ts":1746624143052,"action":"FILE_OPENED","file":"/src/main/java/com/yourcompany/game/Tournament.java","tags":{"FILE_LINE_OF_CODE":"21"}}
{"ts":1746624149289,"action":"FILE_CLOSED","file":"/src/main/java/com/yourcompany/game/Tournament.java","tags":{"FILE_LINE_OF_CODE":"21"}}
{"ts":1746624149289,"action":"FILE_OPENED","file":"/src/main/java/com/yourcompany/game/Match.java","tags":{"FILE_LINE_OF_CODE":"12"}}
{"ts":1746624155481,"action":"FILE_CLOSED","file":"/src/main/java/com/yourcompany/game/Match.java","tags":{"FILE_LINE_OF_CODE":"14"}}
{"ts":1746624155481,"action":"FILE_OPENED","file":"/src/main/java/com/yourcompany/game/tennis/TennisMatch.java","tags":{"FILE_LINE_OF_CODE":"147"}}
{"ts":1746624164727,"action":"FILE_CLOSED","file":"/src/main/java/com/yourcompany/game/tennis/TennisMatch.java","tags":{"FILE_LINE_OF_CODE":"149"}}
{"ts":1746624164727,"action":"FILE_OPENED","file":"/src/main/java/com/yourcompany/game/Tournament.java","tags":{"FILE_LINE_OF_CODE":"21"}}
{"ts":1746624165354,"action":"FILE_CLOSED","file":"/src/main/java/com/yourcompany/game/Tournament.java","tags":{"FILE_LINE_OF_CODE":"21"}}
{"ts":1746624165354,"action":"FILE_OPENED","file":"/src/main/java/com/yourcompany/game/TournamentPhase.java","tags":{"FILE_LINE_OF_CODE":"22"}}
{"ts":1746624167283,"action":"FILE_CLOSED","file":"/src/main/java/com/yourcompany/game/TournamentPhase.java","tags":{"FILE_LINE_OF_CODE":"22"}}
{"ts":1746624167283,"action":"FILE_OPENED","file":"/src/main/java/com/yourcompany/game/tennis/TennisStanding.java","tags":{"FILE_LINE_OF_CODE":"257"}}
{"ts":1746624333540,"action":"IDE_DEACTIVATED"}
{"ts":1746624339968,"action":"IDE_ACTIVATED"}
{"ts":1746624341893,"action":"IDE_DEACTIVATED"}
{"ts":1746624347769,"action":"IDE_ACTIVATED"}
{"ts":1746624357072,"action":"FILE_CLOSED","file":"/src/main/java/com/yourcompany/game/tennis/TennisStanding.java","tags":{"FILE_LINE_OF_CODE":"212"}}
{"ts":1746624357125,"action":"FILE_OPENED","file":"/src/main/java/com/yourcompany/game/tennis/TennisResult.java","tags":{"FILE_LINE_OF_CODE":"120"}}
{"ts":1746624360324,"action":"FILE_CLOSED","file":"/src/main/java/com/yourcompany/game/tennis/TennisResult.java","tags":{"FILE_LINE_OF_CODE":"120"}}
{"ts":1746624360324,"action":"FILE_OPENED","file":"/src/main/java/com/yourcompany/game/tennis/TennisStanding.java","tags":{"FILE_LINE_OF_CODE":"212"}}
{"ts":1746624369548,"action":"FILE_CLOSED","file":"/src/main/java/com/yourcompany/game/tennis/TennisStanding.java","tags":{"FILE_LINE_OF_CODE":"212"}}
{"ts":1746624369548,"action":"FILE_OPENED","file":"/src/main/java/com/yourcompany/game/tennis/TennisResult.java","tags":{"FILE_LINE_OF_CODE":"120"}}
{"ts":1746624378273,"action":"FILE_CLOSED","file":"/src/main/java/com/yourcompany/game/tennis/TennisResult.java","tags":{"FILE_LINE_OF_CODE":"137"}}
{"ts":1746624378273,"action":"FILE_OPENED","file":"/src/main/java/com/yourcompany/game/tennis/TennisStanding.java","tags":{"FILE_LINE_OF_CODE":"212"}}
{"ts":1746624418842,"action":"IDE_DEACTIVATED"}
{"ts":1746624420149,"action":"IDE_ACTIVATED"}
{"ts":1746624420627,"action":"IDE_DEACTIVATED"}
{"ts":1746624424025,"action":"IDE_ACTIVATED"}
{"ts":1746624427050,"action":"IDE_DEACTIVATED"}
{"ts":1746624432827,"action":"IDE_ACTIVATED"}
{"ts":1746624433386,"action":"IDE_DEACTIVATED"}
{"ts":1746624606338,"action":"IDE_ACTIVATED"}
{"ts":1746624612504,"action":"FILE_CLOSED","file":"/src/main/java/com/yourcompany/game/tennis/TennisStandings.java","tags":{"FILE_LINE_OF_CODE":"210"}}
{"ts":1746624612582,"action":"FILE_OPENED","file":"/src/main/java/com/yourcompany/game/DrawStrategy.java","tags":{"FILE_LINE_OF_CODE":"5"}}
{"ts":1746624622130,"action":"IDE_DEACTIVATED"}
{"ts":1746624622978,"action":"IDE_ACTIVATED"}
{"ts":1746624623948,"action":"IDE_DEACTIVATED"}
{"ts":1746624625283,"action":"IDE_ACTIVATED"}
{"ts":1746624628312,"action":"IDE_DEACTIVATED"}
{"ts":1746624629144,"action":"IDE_ACTIVATED"}
{"ts":1746624631374,"action":"FILE_CLOSED","file":"/src/main/java/com/yourcompany/game/DrawStrategy.java","tags":{"FILE_LINE_OF_CODE":"10"}}
{"ts":1746624631449,"action":"FILE_OPENED","file":"/src/main/java/com/yourcompany/game/tennis/HeadToHeadDrawStrategy.java","tags":{"FILE_LINE_OF_CODE":"5"}}
{"ts":1746624631913,"action":"IDE_DEACTIVATED"}
{"ts":1746624633890,"action":"IDE_ACTIVATED"}
{"ts":1746624654060,"action":"IDE_DEACTIVATED"}
{"ts":1746624655336,"action":"IDE_ACTIVATED"}
{"ts":1746624661165,"action":"IDE_DEACTIVATED"}
{"ts":1746624662427,"action":"IDE_ACTIVATED"}
{"ts":1746624666097,"action":"FILE_CLOSED","file":"/src/main/java/com/yourcompany/game/tennis/HeadToHeadDrawStrategy.java","tags":{"FILE_LINE_OF_CODE":"42"}}
{"ts":1746624666177,"action":"FILE_OPENED","file":"/src/main/java/com/yourcompany/game/TennisSetRatioDrawStrategy.java","tags":{"FILE_LINE_OF_CODE":"5"}}
{"ts":1746624670171,"action":"IDE_DEACTIVATED"}
{"ts":1746624673091,"action":"IDE_ACTIVATED"}
{"ts":1746624704629,"action":"IDE_DEACTIVATED"}
{"ts":1746624706948,"action":"IDE_ACTIVATED"}
{"ts":1746624711902,"action":"IDE_DEACTIVATED"}
{"ts":1746624713012,"action":"IDE_ACTIVATED"}
{"ts":1746624714897,"action":"FILE_CLOSED","file":"/src/main/java/com/yourcompany/game/tennis/TennisSetRatioDrawStrategy.java","tags":{"FILE_LINE_OF_CODE":"39"}}
{"ts":1746624714971,"action":"FILE_OPENED","file":"/src/main/java/com/yourcompany/game/tennis/GameRatioDrawStrategy.java","tags":{"FILE_LINE_OF_CODE":"5"}}
{"ts":1746624747384,"action":"IDE_DEACTIVATED"}
{"ts":1746624755619,"action":"IDE_ACTIVATED"}
{"ts":1746624761455,"action":"FILE_CLOSED","file":"/src/main/java/com/yourcompany/game/tennis/GameRatioDrawStrategy.java","tags":{"FILE_LINE_OF_CODE":"36"}}
{"ts":1746624761455,"action":"FILE_OPENED","file":"/src/main/java/com/yourcompany/game/Standing.java","tags":{"FILE_LINE_OF_CODE":"14"}}
{"ts":1746624767747,"action":"IDE_DEACTIVATED"}
{"ts":1746624796286,"action":"IDE_ACTIVATED"}
{"ts":1746624797203,"action":"FILE_CLOSED","file":"/src/main/java/com/yourcompany/game/Standings.java","tags":{"FILE_LINE_OF_CODE":"14"}}
{"ts":1746624797203,"action":"FILE_OPENED","file":"/src/main/java/com/yourcompany/game/tennis/TennisStandings.java","tags":{"FILE_LINE_OF_CODE":"210"}}
{"ts":1746624977419,"action":"IDE_DEACTIVATED"}
{"ts":1746624980275,"action":"IDE_ACTIVATED"}
{"ts":1746624980662,"action":"IDE_DEACTIVATED"}
{"ts":1746625096899,"action":"IDE_ACTIVATED"}
{"ts":1746625098498,"action":"IDE_DEACTIVATED"}
{"ts":1746625102087,"action":"IDE_ACTIVATED"}
{"ts":1746625106906,"action":"FILE_CLOSED","file":"/src/main/java/com/yourcompany/game/tennis/TennisStandings.java","tags":{"FILE_LINE_OF_CODE":"222"}}
{"ts":1746625107001,"action":"FILE_OPENED","file":"/src/main/java/com/yourcompany/game/TennisGroupPhase.java","tags":{"FILE_LINE_OF_CODE":"5"}}
{"ts":1746625185618,"action":"IDE_DEACTIVATED"}
{"ts":1746625197596,"action":"IDE_ACTIVATED"}
{"ts":1746625218038,"action":"FILE_CLOSED","file":"/src/main/java/com/yourcompany/game/tennis/TennisGroupPhase.java","tags":{"FILE_LINE_OF_CODE":"137"}}
{"ts":1746625225276,"action":"FILE_OPENED","file":"/src/main/java/com/yourcompany/game/tennis/TennisGroupPhase.java","tags":{"FILE_LINE_OF_CODE":"137"}}
{"ts":1746625232795,"action":"FILE_CLOSED","file":"/src/main/java/com/yourcompany/game/tennis/TennisGroupPhase.java","tags":{"FILE_LINE_OF_CODE":"137"}}
{"ts":1746625291990,"action":"FILE_OPENED","file":"/src/main/java/com/yourcompany/game/tennis/TennisGroupPhase.java","tags":{"FILE_LINE_OF_CODE":"137"}}
{"ts":1746625293253,"action":"FILE_CLOSED","file":"/src/main/java/com/yourcompany/game/tennis/TennisGroupPhase.java","tags":{"FILE_LINE_OF_CODE":"137"}}
{"ts":1746625293284,"action":"FILE_OPENED","file":"/src/main/java/com/yourcompany/game/Penalty.java","tags":{"FILE_LINE_OF_CODE":"6"}}
{"ts":1746625294697,"action":"PROJECT_CLOSED","tags":{"PROJECT_NAME":"tsd-impl"}}
{"ts":1746708056991,"action":"IDE_DEACTIVATED"}
{"ts":1746708058724,"action":"FILE_OPENED","file":"/src/main/java/com/yourcompany/game/Penalty.java","tags":{"FILE_LINE_OF_CODE":"6"}}
{"ts":1746708059529,"action":"PROJECT_OPENED","tags":{"PROJECT_NAME":"tsd-impl"}}
{"ts":1746708065216,"action":"IDE_ACTIVATED"}
{"ts":1746708087812,"action":"IDE_DEACTIVATED"}
{"ts":1746708188556,"action":"IDE_ACTIVATED"}
{"ts":1746708190379,"action":"IDE_DEACTIVATED"}
{"ts":1746708290597,"action":"IDE_ACTIVATED"}
{"ts":1746708293014,"action":"IDE_DEACTIVATED"}
{"ts":1746708311763,"action":"IDE_ACTIVATED"}
{"ts":1746708312693,"action":"IDE_DEACTIVATED"}
{"ts":1746708413403,"action":"IDE_ACTIVATED"}
{"ts":1746708415548,"action":"PROJECT_CLOSED","tags":{"PROJECT_NAME":"tsd-impl"}}
{"ts":1746708667074,"action":"FILE_OPENED","file":"/src/main/java/com/yourcompany/game/Penalty.java","tags":{"FILE_LINE_OF_CODE":"6"}}
{"ts":1746708668362,"action":"PROJECT_OPENED","tags":{"PROJECT_NAME":"tsd-impl"}}
{"ts":1746708672394,"action":"FILE_CLOSED","file":"/src/main/java/com/yourcompany/game/Penalty.java","tags":{"FILE_LINE_OF_CODE":"6"}}
{"ts":1746708672394,"action":"FILE_OPENED","file":"/src/main/java/com/yourcompany/game/tennis/TennisGroupPhase.java","tags":{"FILE_LINE_OF_CODE":"137"}}
{"ts":1746708672968,"action":"FILE_CLOSED","file":"/src/main/java/com/yourcompany/game/tennis/TennisGroupPhase.java","tags":{"FILE_LINE_OF_CODE":"137"}}
{"ts":1746708677282,"action":"FILE_OPENED","file":"/src/main/java/com/yourcompany/game/tennis/TennisGroupPhase.java","tags":{"FILE_LINE_OF_CODE":"137"}}
{"ts":1746708678359,"action":"FILE_CLOSED","file":"/src/main/java/com/yourcompany/game/tennis/TennisGroupPhase.java","tags":{"FILE_LINE_OF_CODE":"137"}}
{"ts":1746708682527,"action":"IDE_DEACTIVATED"}
{"ts":1746708683100,"action":"IDE_ACTIVATED"}
{"ts":1746708685474,"action":"FILE_OPENED","file":"/src/main/java/com/yourcompany/game/tennis/TennisGroupPhase.java","tags":{"FILE_LINE_OF_CODE":"137"}}
{"ts":1746708739640,"action":"PROJECT_CLOSED","tags":{"PROJECT_NAME":"tsd-impl"}}
{"ts":1746711091114,"action":"IDE_DEACTIVATED"}
{"ts":1746711091357,"action":"IDE_ACTIVATED"}
{"ts":1746711093934,"action":"FILE_OPENED","file":"/src/main/java/com/yourcompany/game/tennis/TennisGroupPhase.java","tags":{"FILE_LINE_OF_CODE":"137"}}
{"ts":1746711099271,"action":"PROJECT_OPENED","tags":{"PROJECT_NAME":"tsd-impl"}}
{"ts":1746711144273,"action":"FILE_CLOSED","file":"/src/main/java/com/yourcompany/game/tennis/TennisGroupPhase.java","tags":{"FILE_LINE_OF_CODE":"137"}}
{"ts":1746711144273,"action":"FILE_OPENED","file":"/src/main/java/com/yourcompany/game/Event.java","tags":{"FILE_LINE_OF_CODE":"34"}}
{"ts":1746711262041,"action":"FILE_CLOSED","file":"/src/main/java/com/yourcompany/game/Event.java","tags":{"FILE_LINE_OF_CODE":"34"}}
{"ts":1746711262041,"action":"FILE_OPENED","file":"/src/main/java/com/yourcompany/game/tennis/Game.java","tags":{"FILE_LINE_OF_CODE":"141"}}
{"ts":1746711279511,"action":"IDE_DEACTIVATED"}
{"ts":1746711281139,"action":"IDE_ACTIVATED"}
{"ts":1746711286279,"action":"FILE_CLOSED","file":"/src/main/java/com/yourcompany/game/tennis/Game.java","tags":{"FILE_LINE_OF_CODE":"141"}}
{"ts":1746711286279,"action":"FILE_OPENED","file":"/src/main/java/com/yourcompany/game/tennis/TennisGroupPhase.java","tags":{"FILE_LINE_OF_CODE":"137"}}
{"ts":1746711289430,"action":"FILE_CLOSED","file":"/src/main/java/com/yourcompany/game/tennis/TennisGroupPhase.java","tags":{"FILE_LINE_OF_CODE":"137"}}
{"ts":1746711289430,"action":"FILE_OPENED","file":"/src/main/java/com/yourcompany/game/tennis/TennisStandings.java","tags":{"FILE_LINE_OF_CODE":"219"}}
{"ts":1746711290531,"action":"FILE_CLOSED","file":"/src/main/java/com/yourcompany/game/tennis/TennisStandings.java","tags":{"FILE_LINE_OF_CODE":"219"}}
{"ts":1746711290531,"action":"FILE_OPENED","file":"/src/main/java/com/yourcompany/game/Standings.java","tags":{"FILE_LINE_OF_CODE":"14"}}
{"ts":1746711292853,"action":"FILE_CLOSED","file":"/src/main/java/com/yourcompany/game/Standings.java","tags":{"FILE_LINE_OF_CODE":"14"}}
{"ts":1746711292853,"action":"FILE_OPENED","file":"/src/main/java/com/yourcompany/game/tennis/FootFault.java","tags":{"FILE_LINE_OF_CODE":"10"}}
{"ts":1746711293688,"action":"FILE_CLOSED","file":"/src/main/java/com/yourcompany/game/tennis/FootFault.java","tags":{"FILE_LINE_OF_CODE":"10"}}
{"ts":1746711293688,"action":"FILE_OPENED","file":"/src/main/java/com/yourcompany/game/TournamentPhase.java","tags":{"FILE_LINE_OF_CODE":"22"}}
{"ts":1746711294359,"action":"FILE_CLOSED","file":"/src/main/java/com/yourcompany/game/TournamentPhase.java","tags":{"FILE_LINE_OF_CODE":"22"}}
{"ts":1746711294359,"action":"FILE_OPENED","file":"/src/main/java/com/yourcompany/game/Tournament.java","tags":{"FILE_LINE_OF_CODE":"21"}}
{"ts":1746711295117,"action":"FILE_CLOSED","file":"/src/main/java/com/yourcompany/game/Tournament.java","tags":{"FILE_LINE_OF_CODE":"21"}}
{"ts":1746711295117,"action":"FILE_OPENED","file":"/src/main/java/com/yourcompany/game/tennis/TennisMatch.java","tags":{"FILE_LINE_OF_CODE":"149"}}
{"ts":1746711295823,"action":"FILE_CLOSED","file":"/src/main/java/com/yourcompany/game/tennis/TennisMatch.java","tags":{"FILE_LINE_OF_CODE":"149"}}
{"ts":1746711295823,"action":"FILE_OPENED","file":"/src/main/java/com/yourcompany/game/Main.java","tags":{"FILE_LINE_OF_CODE":"8"}}
{"ts":1746711297442,"action":"FILE_CLOSED","file":"/src/main/java/com/yourcompany/game/Main.java","tags":{"FILE_LINE_OF_CODE":"8"}}
{"ts":1746711297442,"action":"FILE_OPENED","file":"/src/main/java/com/yourcompany/game/tennis/GameRatioDrawStrategy.java","tags":{"FILE_LINE_OF_CODE":"36"}}
{"ts":1746711298261,"action":"FILE_CLOSED","file":"/src/main/java/com/yourcompany/game/tennis/GameRatioDrawStrategy.java","tags":{"FILE_LINE_OF_CODE":"36"}}
{"ts":1746711298261,"action":"FILE_OPENED","file":"/src/main/java/com/yourcompany/game/tennis/TennisResult.java","tags":{"FILE_LINE_OF_CODE":"137"}}
{"ts":1746711299402,"action":"FILE_CLOSED","file":"/src/main/java/com/yourcompany/game/tennis/TennisResult.java","tags":{"FILE_LINE_OF_CODE":"137"}}
{"ts":1746711299402,"action":"FILE_OPENED","file":"/src/main/java/com/yourcompany/game/tennis/CodeViolation.java","tags":{"FILE_LINE_OF_CODE":"10"}}
{"ts":1746711299863,"action":"FILE_CLOSED","file":"/src/main/java/com/yourcompany/game/tennis/CodeViolation.java","tags":{"FILE_LINE_OF_CODE":"10"}}
{"ts":1746711299863,"action":"FILE_OPENED","file":"/src/main/java/com/yourcompany/game/tennis/TimeViolation.java","tags":{"FILE_LINE_OF_CODE":"9"}}
{"ts":1746711300310,"action":"FILE_CLOSED","file":"/src/main/java/com/yourcompany/game/tennis/TimeViolation.java","tags":{"FILE_LINE_OF_CODE":"9"}}
{"ts":1746711300310,"action":"FILE_OPENED","file":"/src/main/java/com/yourcompany/game/Violation.java","tags":{"FILE_LINE_OF_CODE":"7"}}
{"ts":1746711307056,"action":"FILE_CLOSED","file":"/src/main/java/com/yourcompany/game/Violation.java","tags":{"FILE_LINE_OF_CODE":"7"}}
{"ts":1746711307056,"action":"FILE_OPENED","file":"/src/main/java/com/yourcompany/game/tennis/TennisViolation.java","tags":{"FILE_LINE_OF_CODE":"34"}}
{"ts":1746711307131,"action":"FILE_CLOSED","file":"/src/main/java/com/yourcompany/game/tennis/TennisViolation.java","tags":{"FILE_LINE_OF_CODE":"34"}}
{"ts":1746711327624,"action":"FILE_OPENED","file":"/src/main/java/com/yourcompany/game/tennis/TennisPlayer.java","tags":{"FILE_LINE_OF_CODE":"41"}}
{"ts":1746711335039,"action":"FILE_CLOSED","file":"/src/main/java/com/yourcompany/game/tennis/TennisPlayer.java","tags":{"FILE_LINE_OF_CODE":"41"}}
{"ts":1746711335154,"action":"FILE_OPENED","file":"/src/main/java/com/yourcompany/game/tennis/TennisMatch.java","tags":{"FILE_LINE_OF_CODE":"149"}}
{"ts":1746711335943,"action":"FILE_CLOSED","file":"/src/main/java/com/yourcompany/game/tennis/TennisMatch.java","tags":{"FILE_LINE_OF_CODE":"149"}}
{"ts":1746711336036,"action":"FILE_OPENED","file":"/src/main/java/com/yourcompany/game/tennis/TennisGroupPhase.java","tags":{"FILE_LINE_OF_CODE":"137"}}
{"ts":1746711336850,"action":"FILE_CLOSED","file":"/src/main/java/com/yourcompany/game/tennis/TennisGroupPhase.java","tags":{"FILE_LINE_OF_CODE":"137"}}
{"ts":1746711336977,"action":"FILE_OPENED","file":"/src/main/java/com/yourcompany/game/tennis/PointPenalty.java","tags":{"FILE_LINE_OF_CODE":"41"}}
{"ts":1746711337755,"action":"FILE_CLOSED","file":"/src/main/java/com/yourcompany/game/tennis/PointPenalty.java","tags":{"FILE_LINE_OF_CODE":"41"}}
{"ts":1746711337852,"action":"FILE_OPENED","file":"/src/main/java/com/yourcompany/game/tennis/HeadToHeadDrawStrategy.java","tags":{"FILE_LINE_OF_CODE":"42"}}
{"ts":1746711352962,"action":"FILE_CLOSED","file":"/src/main/java/com/yourcompany/game/tennis/HeadToHeadDrawStrategy.java","tags":{"FILE_LINE_OF_CODE":"42"}}
{"ts":1746711353044,"action":"FILE_OPENED","file":"/src/main/java/com/yourcompany/game/tennis/TennisPlayer.java","tags":{"FILE_LINE_OF_CODE":"41"}}
{"ts":1746711355692,"action":"FILE_CLOSED","file":"/src/main/java/com/yourcompany/game/tennis/TennisPlayer.java","tags":{"FILE_LINE_OF_CODE":"41"}}
{"ts":1746711355752,"action":"FILE_OPENED","file":"/src/main/java/com/yourcompany/game/tennis/TennisPoint.java","tags":{"FILE_LINE_OF_CODE":"76"}}
{"ts":1746711370570,"action":"FILE_CLOSED","file":"/src/main/java/com/yourcompany/game/tennis/TennisPoint.java","tags":{"FILE_LINE_OF_CODE":"76"}}
{"ts":1746711370676,"action":"FILE_OPENED","file":"/src/main/java/com/yourcompany/game/tennis/GameRatioDrawStrategy.java","tags":{"FILE_LINE_OF_CODE":"36"}}
{"ts":1746711471471,"action":"FILE_CLOSED","file":"/src/main/java/com/yourcompany/game/tennis/GameRatioDrawStrategy.java","tags":{"FILE_LINE_OF_CODE":"36"}}
{"ts":1746711471536,"action":"FILE_OPENED","file":"/src/main/java/com/yourcompany/game/Event.java","tags":{"FILE_LINE_OF_CODE":"34"}}
{"ts":1746712085524,"action":"IDE_DEACTIVATED"}
{"ts":1746714448884,"action":"IDE_ACTIVATED"}
{"ts":1746714450033,"action":"IDE_DEACTIVATED"}
{"ts":1746714451904,"action":"IDE_ACTIVATED"}
{"ts":1746714455617,"action":"IDE_DEACTIVATED"}
{"ts":1746721513333,"action":"FILE_OPENED","file":"/src/main/java/com/yourcompany/game/tennis/TennisGroupPhase.java","tags":{"FILE_LINE_OF_CODE":"137"}}
{"ts":1746721514345,"action":"PROJECT_OPENED","tags":{"PROJECT_NAME":"tsd-impl"}}
{"ts":1746721583900,"action":"PROJECT_CLOSED","tags":{"PROJECT_NAME":"tsd-impl"}}
